[2017-05-09T10:47:29,407][INFO ][o.e.n.Node               ] [TourOfHeroes] initializing ...
[2017-05-09T10:47:29,616][INFO ][o.e.e.NodeEnvironment    ] [TourOfHeroes] using [1] data paths, mounts [[System (C:)]], net usable_space [110.4gb], net total_space [166.5gb], spins? [unknown], types [NTFS]
[2017-05-09T10:47:29,622][INFO ][o.e.e.NodeEnvironment    ] [TourOfHeroes] heap size [1.9gb], compressed ordinary object pointers [true]
[2017-05-09T10:47:29,885][INFO ][o.e.n.Node               ] [TourOfHeroes] node name [TourOfHeroes], node ID [NVYklkcXT8KloSn64Cibpw]
[2017-05-09T10:47:29,889][INFO ][o.e.n.Node               ] [TourOfHeroes] version[5.3.2], pid[10872], build[3068195/2017-04-24T16:15:59.481Z], OS[Windows 10/10.0/amd64], JVM[Oracle Corporation/Java HotSpot(TM) 64-Bit Server VM/1.8.0_74/25.74-b02]
[2017-05-09T10:47:31,952][INFO ][o.e.p.PluginsService     ] [TourOfHeroes] loaded module [aggs-matrix-stats]
[2017-05-09T10:47:31,955][INFO ][o.e.p.PluginsService     ] [TourOfHeroes] loaded module [ingest-common]
[2017-05-09T10:47:31,958][INFO ][o.e.p.PluginsService     ] [TourOfHeroes] loaded module [lang-expression]
[2017-05-09T10:47:31,961][INFO ][o.e.p.PluginsService     ] [TourOfHeroes] loaded module [lang-groovy]
[2017-05-09T10:47:31,967][INFO ][o.e.p.PluginsService     ] [TourOfHeroes] loaded module [lang-mustache]
[2017-05-09T10:47:31,970][INFO ][o.e.p.PluginsService     ] [TourOfHeroes] loaded module [lang-painless]
[2017-05-09T10:47:31,974][INFO ][o.e.p.PluginsService     ] [TourOfHeroes] loaded module [percolator]
[2017-05-09T10:47:31,978][INFO ][o.e.p.PluginsService     ] [TourOfHeroes] loaded module [reindex]
[2017-05-09T10:47:31,983][INFO ][o.e.p.PluginsService     ] [TourOfHeroes] loaded module [transport-netty3]
[2017-05-09T10:47:31,987][INFO ][o.e.p.PluginsService     ] [TourOfHeroes] loaded module [transport-netty4]
[2017-05-09T10:47:31,990][INFO ][o.e.p.PluginsService     ] [TourOfHeroes] no plugins loaded
[2017-05-09T10:47:41,174][INFO ][o.e.n.Node               ] [TourOfHeroes] initialized
[2017-05-09T10:47:41,181][INFO ][o.e.n.Node               ] [TourOfHeroes] starting ...
[2017-05-09T10:47:42,236][INFO ][o.e.t.TransportService   ] [TourOfHeroes] publish_address {127.0.0.1:9300}, bound_addresses {127.0.0.1:9300}, {[::1]:9300}
[2017-05-09T10:47:45,354][INFO ][o.e.c.s.ClusterService   ] [TourOfHeroes] new_master {TourOfHeroes}{NVYklkcXT8KloSn64Cibpw}{__FRG02rTJ-lnp3g-oP4iw}{127.0.0.1}{127.0.0.1:9300}, reason: zen-disco-elected-as-master ([0] nodes joined)
[2017-05-09T10:47:45,880][INFO ][o.e.g.GatewayService     ] [TourOfHeroes] recovered [1] indices into cluster_state
[2017-05-09T10:47:46,556][INFO ][o.e.h.n.Netty4HttpServerTransport] [TourOfHeroes] publish_address {127.0.0.1:9200}, bound_addresses {127.0.0.1:9200}, {[::1]:9200}
[2017-05-09T10:47:46,572][INFO ][o.e.n.Node               ] [TourOfHeroes] started
[2017-05-09T10:47:46,618][INFO ][o.e.c.r.a.AllocationService] [TourOfHeroes] Cluster health status changed from [RED] to [YELLOW] (reason: [shards started [[heroes][1]] ...]).
[2017-05-09T11:00:15,774][INFO ][o.e.n.Node               ] [TourOfHeroes] stopping ...
[2017-05-09T11:00:15,829][INFO ][o.e.n.Node               ] [TourOfHeroes] stopped
[2017-05-09T11:00:15,832][INFO ][o.e.n.Node               ] [TourOfHeroes] closing ...
[2017-05-09T11:00:15,846][INFO ][o.e.n.Node               ] [TourOfHeroes] closed
[2017-05-09T15:50:09,122][INFO ][o.e.n.Node               ] [TourOfHeroes] initializing ...
[2017-05-09T15:50:09,310][INFO ][o.e.e.NodeEnvironment    ] [TourOfHeroes] using [1] data paths, mounts [[System (C:)]], net usable_space [110.2gb], net total_space [166.5gb], spins? [unknown], types [NTFS]
[2017-05-09T15:50:09,325][INFO ][o.e.e.NodeEnvironment    ] [TourOfHeroes] heap size [1.9gb], compressed ordinary object pointers [true]
[2017-05-09T15:50:09,654][INFO ][o.e.n.Node               ] [TourOfHeroes] node name [TourOfHeroes], node ID [NVYklkcXT8KloSn64Cibpw]
[2017-05-09T15:50:09,654][INFO ][o.e.n.Node               ] [TourOfHeroes] version[5.3.2], pid[868], build[3068195/2017-04-24T16:15:59.481Z], OS[Windows 10/10.0/amd64], JVM[Oracle Corporation/Java HotSpot(TM) 64-Bit Server VM/1.8.0_74/25.74-b02]
[2017-05-09T15:50:12,138][INFO ][o.e.p.PluginsService     ] [TourOfHeroes] loaded module [aggs-matrix-stats]
[2017-05-09T15:50:12,138][INFO ][o.e.p.PluginsService     ] [TourOfHeroes] loaded module [ingest-common]
[2017-05-09T15:50:12,138][INFO ][o.e.p.PluginsService     ] [TourOfHeroes] loaded module [lang-expression]
[2017-05-09T15:50:12,138][INFO ][o.e.p.PluginsService     ] [TourOfHeroes] loaded module [lang-groovy]
[2017-05-09T15:50:12,154][INFO ][o.e.p.PluginsService     ] [TourOfHeroes] loaded module [lang-mustache]
[2017-05-09T15:50:12,154][INFO ][o.e.p.PluginsService     ] [TourOfHeroes] loaded module [lang-painless]
[2017-05-09T15:50:12,154][INFO ][o.e.p.PluginsService     ] [TourOfHeroes] loaded module [percolator]
[2017-05-09T15:50:12,154][INFO ][o.e.p.PluginsService     ] [TourOfHeroes] loaded module [reindex]
[2017-05-09T15:50:12,169][INFO ][o.e.p.PluginsService     ] [TourOfHeroes] loaded module [transport-netty3]
[2017-05-09T15:50:12,169][INFO ][o.e.p.PluginsService     ] [TourOfHeroes] loaded module [transport-netty4]
[2017-05-09T15:50:12,169][INFO ][o.e.p.PluginsService     ] [TourOfHeroes] no plugins loaded
[2017-05-09T15:50:20,080][INFO ][o.e.n.Node               ] [TourOfHeroes] initialized
[2017-05-09T15:50:20,080][INFO ][o.e.n.Node               ] [TourOfHeroes] starting ...
[2017-05-09T15:50:20,997][INFO ][o.e.t.TransportService   ] [TourOfHeroes] publish_address {127.0.0.1:9300}, bound_addresses {127.0.0.1:9300}, {[::1]:9300}
[2017-05-09T15:50:24,106][INFO ][o.e.c.s.ClusterService   ] [TourOfHeroes] new_master {TourOfHeroes}{NVYklkcXT8KloSn64Cibpw}{LarjLikBTeO7zN4FghDlCA}{127.0.0.1}{127.0.0.1:9300}, reason: zen-disco-elected-as-master ([0] nodes joined)
[2017-05-09T15:50:24,467][INFO ][o.e.g.GatewayService     ] [TourOfHeroes] recovered [1] indices into cluster_state
[2017-05-09T15:50:24,467][WARN ][o.e.g.GatewayAllocator$InternalPrimaryShardAllocator] [TourOfHeroes] [heroes][0]: failed to list shard for shard_started on node [NVYklkcXT8KloSn64Cibpw]
org.elasticsearch.action.FailedNodeException: Failed node [NVYklkcXT8KloSn64Cibpw]
	at org.elasticsearch.action.support.nodes.TransportNodesAction$AsyncAction.onFailure(TransportNodesAction.java:246) [elasticsearch-5.3.2.jar:5.3.2]
	at org.elasticsearch.action.support.nodes.TransportNodesAction$AsyncAction.access$200(TransportNodesAction.java:160) [elasticsearch-5.3.2.jar:5.3.2]
	at org.elasticsearch.action.support.nodes.TransportNodesAction$AsyncAction$1.handleException(TransportNodesAction.java:218) [elasticsearch-5.3.2.jar:5.3.2]
	at org.elasticsearch.transport.TransportService$ContextRestoreResponseHandler.handleException(TransportService.java:1032) [elasticsearch-5.3.2.jar:5.3.2]
	at org.elasticsearch.transport.TransportService$DirectResponseChannel.processException(TransportService.java:1134) [elasticsearch-5.3.2.jar:5.3.2]
	at org.elasticsearch.transport.TransportService$DirectResponseChannel.sendResponse(TransportService.java:1112) [elasticsearch-5.3.2.jar:5.3.2]
	at org.elasticsearch.transport.TransportService$7.onFailure(TransportService.java:629) [elasticsearch-5.3.2.jar:5.3.2]
	at org.elasticsearch.common.util.concurrent.ThreadContext$ContextPreservingAbstractRunnable.onFailure(ThreadContext.java:623) [elasticsearch-5.3.2.jar:5.3.2]
	at org.elasticsearch.common.util.concurrent.AbstractRunnable.run(AbstractRunnable.java:39) [elasticsearch-5.3.2.jar:5.3.2]
	at java.util.concurrent.ThreadPoolExecutor.runWorker(Unknown Source) [?:1.8.0_74]
	at java.util.concurrent.ThreadPoolExecutor$Worker.run(Unknown Source) [?:1.8.0_74]
	at java.lang.Thread.run(Unknown Source) [?:1.8.0_74]
Caused by: org.elasticsearch.transport.RemoteTransportException: [TourOfHeroes][127.0.0.1:9300][internal:gateway/local/started_shards[n]]
Caused by: org.elasticsearch.ElasticsearchException: failed to load started shards
	at org.elasticsearch.gateway.TransportNodesListGatewayStartedShards.nodeOperation(TransportNodesListGatewayStartedShards.java:171) ~[elasticsearch-5.3.2.jar:5.3.2]
	at org.elasticsearch.gateway.TransportNodesListGatewayStartedShards.nodeOperation(TransportNodesListGatewayStartedShards.java:61) ~[elasticsearch-5.3.2.jar:5.3.2]
	at org.elasticsearch.action.support.nodes.TransportNodesAction.nodeOperation(TransportNodesAction.java:145) ~[elasticsearch-5.3.2.jar:5.3.2]
	at org.elasticsearch.action.support.nodes.TransportNodesAction$NodeTransportHandler.messageReceived(TransportNodesAction.java:269) ~[elasticsearch-5.3.2.jar:5.3.2]
	at org.elasticsearch.action.support.nodes.TransportNodesAction$NodeTransportHandler.messageReceived(TransportNodesAction.java:265) ~[elasticsearch-5.3.2.jar:5.3.2]
	at org.elasticsearch.transport.RequestHandlerRegistry.processMessageReceived(RequestHandlerRegistry.java:69) ~[elasticsearch-5.3.2.jar:5.3.2]
	at org.elasticsearch.transport.TransportService$7.doRun(TransportService.java:618) ~[elasticsearch-5.3.2.jar:5.3.2]
	at org.elasticsearch.common.util.concurrent.ThreadContext$ContextPreservingAbstractRunnable.doRun(ThreadContext.java:638) ~[elasticsearch-5.3.2.jar:5.3.2]
	at org.elasticsearch.common.util.concurrent.AbstractRunnable.run(AbstractRunnable.java:37) ~[elasticsearch-5.3.2.jar:5.3.2]
	... 3 more
Caused by: org.elasticsearch.ElasticsearchException: java.io.IOException: failed to read [id:38, legacy:false, file:C:\Users\ahamoudm\elasticsearch-5.3.2\data\nodes\0\indices\QtCWsvD4SIWibIxDoBNWlw\_state\state-38.st]
	at org.elasticsearch.ExceptionsHelper.maybeThrowRuntimeAndSuppress(ExceptionsHelper.java:150) ~[elasticsearch-5.3.2.jar:5.3.2]
	at org.elasticsearch.gateway.MetaDataStateFormat.loadLatestState(MetaDataStateFormat.java:334) ~[elasticsearch-5.3.2.jar:5.3.2]
	at org.elasticsearch.gateway.TransportNodesListGatewayStartedShards.nodeOperation(TransportNodesListGatewayStartedShards.java:127) ~[elasticsearch-5.3.2.jar:5.3.2]
	at org.elasticsearch.gateway.TransportNodesListGatewayStartedShards.nodeOperation(TransportNodesListGatewayStartedShards.java:61) ~[elasticsearch-5.3.2.jar:5.3.2]
	at org.elasticsearch.action.support.nodes.TransportNodesAction.nodeOperation(TransportNodesAction.java:145) ~[elasticsearch-5.3.2.jar:5.3.2]
	at org.elasticsearch.action.support.nodes.TransportNodesAction$NodeTransportHandler.messageReceived(TransportNodesAction.java:269) ~[elasticsearch-5.3.2.jar:5.3.2]
	at org.elasticsearch.action.support.nodes.TransportNodesAction$NodeTransportHandler.messageReceived(TransportNodesAction.java:265) ~[elasticsearch-5.3.2.jar:5.3.2]
	at org.elasticsearch.transport.RequestHandlerRegistry.processMessageReceived(RequestHandlerRegistry.java:69) ~[elasticsearch-5.3.2.jar:5.3.2]
	at org.elasticsearch.transport.TransportService$7.doRun(TransportService.java:618) ~[elasticsearch-5.3.2.jar:5.3.2]
	at org.elasticsearch.common.util.concurrent.ThreadContext$ContextPreservingAbstractRunnable.doRun(ThreadContext.java:638) ~[elasticsearch-5.3.2.jar:5.3.2]
	at org.elasticsearch.common.util.concurrent.AbstractRunnable.run(AbstractRunnable.java:37) ~[elasticsearch-5.3.2.jar:5.3.2]
	... 3 more
Caused by: java.io.IOException: failed to read [id:38, legacy:false, file:C:\Users\ahamoudm\elasticsearch-5.3.2\data\nodes\0\indices\QtCWsvD4SIWibIxDoBNWlw\_state\state-38.st]
	at org.elasticsearch.gateway.MetaDataStateFormat.loadLatestState(MetaDataStateFormat.java:327) ~[elasticsearch-5.3.2.jar:5.3.2]
	at org.elasticsearch.gateway.TransportNodesListGatewayStartedShards.nodeOperation(TransportNodesListGatewayStartedShards.java:127) ~[elasticsearch-5.3.2.jar:5.3.2]
	at org.elasticsearch.gateway.TransportNodesListGatewayStartedShards.nodeOperation(TransportNodesListGatewayStartedShards.java:61) ~[elasticsearch-5.3.2.jar:5.3.2]
	at org.elasticsearch.action.support.nodes.TransportNodesAction.nodeOperation(TransportNodesAction.java:145) ~[elasticsearch-5.3.2.jar:5.3.2]
	at org.elasticsearch.action.support.nodes.TransportNodesAction$NodeTransportHandler.messageReceived(TransportNodesAction.java:269) ~[elasticsearch-5.3.2.jar:5.3.2]
	at org.elasticsearch.action.support.nodes.TransportNodesAction$NodeTransportHandler.messageReceived(TransportNodesAction.java:265) ~[elasticsearch-5.3.2.jar:5.3.2]
	at org.elasticsearch.transport.RequestHandlerRegistry.processMessageReceived(RequestHandlerRegistry.java:69) ~[elasticsearch-5.3.2.jar:5.3.2]
	at org.elasticsearch.transport.TransportService$7.doRun(TransportService.java:618) ~[elasticsearch-5.3.2.jar:5.3.2]
	at org.elasticsearch.common.util.concurrent.ThreadContext$ContextPreservingAbstractRunnable.doRun(ThreadContext.java:638) ~[elasticsearch-5.3.2.jar:5.3.2]
	at org.elasticsearch.common.util.concurrent.AbstractRunnable.run(AbstractRunnable.java:37) ~[elasticsearch-5.3.2.jar:5.3.2]
	... 3 more
Caused by: java.nio.file.NoSuchFileException: C:\Users\ahamoudm\elasticsearch-5.3.2\data\nodes\0\indices\QtCWsvD4SIWibIxDoBNWlw\_state\state-38.st
	at sun.nio.fs.WindowsException.translateToIOException(Unknown Source) ~[?:?]
	at sun.nio.fs.WindowsException.rethrowAsIOException(Unknown Source) ~[?:?]
	at sun.nio.fs.WindowsException.rethrowAsIOException(Unknown Source) ~[?:?]
	at sun.nio.fs.WindowsFileSystemProvider.newByteChannel(Unknown Source) ~[?:?]
	at java.nio.file.Files.newByteChannel(Unknown Source) ~[?:1.8.0_74]
	at java.nio.file.Files.newByteChannel(Unknown Source) ~[?:1.8.0_74]
	at org.apache.lucene.store.SimpleFSDirectory.openInput(SimpleFSDirectory.java:77) ~[lucene-core-6.4.2.jar:6.4.2 34a975ca3d4bd7fa121340e5bcbf165929e0542f - ishan - 2017-03-01 23:23:13]
	at org.elasticsearch.gateway.MetaDataStateFormat.read(MetaDataStateFormat.java:187) ~[elasticsearch-5.3.2.jar:5.3.2]
	at org.elasticsearch.gateway.MetaDataStateFormat.loadLatestState(MetaDataStateFormat.java:322) ~[elasticsearch-5.3.2.jar:5.3.2]
	at org.elasticsearch.gateway.TransportNodesListGatewayStartedShards.nodeOperation(TransportNodesListGatewayStartedShards.java:127) ~[elasticsearch-5.3.2.jar:5.3.2]
	at org.elasticsearch.gateway.TransportNodesListGatewayStartedShards.nodeOperation(TransportNodesListGatewayStartedShards.java:61) ~[elasticsearch-5.3.2.jar:5.3.2]
	at org.elasticsearch.action.support.nodes.TransportNodesAction.nodeOperation(TransportNodesAction.java:145) ~[elasticsearch-5.3.2.jar:5.3.2]
	at org.elasticsearch.action.support.nodes.TransportNodesAction$NodeTransportHandler.messageReceived(TransportNodesAction.java:269) ~[elasticsearch-5.3.2.jar:5.3.2]
	at org.elasticsearch.action.support.nodes.TransportNodesAction$NodeTransportHandler.messageReceived(TransportNodesAction.java:265) ~[elasticsearch-5.3.2.jar:5.3.2]
	at org.elasticsearch.transport.RequestHandlerRegistry.processMessageReceived(RequestHandlerRegistry.java:69) ~[elasticsearch-5.3.2.jar:5.3.2]
	at org.elasticsearch.transport.TransportService$7.doRun(TransportService.java:618) ~[elasticsearch-5.3.2.jar:5.3.2]
	at org.elasticsearch.common.util.concurrent.ThreadContext$ContextPreservingAbstractRunnable.doRun(ThreadContext.java:638) ~[elasticsearch-5.3.2.jar:5.3.2]
	at org.elasticsearch.common.util.concurrent.AbstractRunnable.run(AbstractRunnable.java:37) ~[elasticsearch-5.3.2.jar:5.3.2]
	... 3 more
[2017-05-09T15:50:25,295][INFO ][o.e.h.n.Netty4HttpServerTransport] [TourOfHeroes] publish_address {127.0.0.1:9200}, bound_addresses {127.0.0.1:9200}, {[::1]:9200}
[2017-05-09T15:50:25,311][INFO ][o.e.n.Node               ] [TourOfHeroes] started
[2017-05-09T15:50:25,452][INFO ][o.e.c.r.a.AllocationService] [TourOfHeroes] Cluster health status changed from [RED] to [YELLOW] (reason: [shards started [[heroes][0]] ...]).
[2017-05-09T15:53:56,052][INFO ][o.e.n.Node               ] [TourOfHeroes] initializing ...
[2017-05-09T15:53:56,256][INFO ][o.e.e.NodeEnvironment    ] [TourOfHeroes] using [1] data paths, mounts [[System (C:)]], net usable_space [108.3gb], net total_space [166.5gb], spins? [unknown], types [NTFS]
[2017-05-09T15:53:56,271][INFO ][o.e.e.NodeEnvironment    ] [TourOfHeroes] heap size [1.9gb], compressed ordinary object pointers [true]
[2017-05-09T15:53:56,506][INFO ][o.e.n.Node               ] [TourOfHeroes] node name [TourOfHeroes], node ID [jltqItreTPSg2IJwU0nDVw]
[2017-05-09T15:53:56,506][INFO ][o.e.n.Node               ] [TourOfHeroes] version[5.3.2], pid[1192], build[3068195/2017-04-24T16:15:59.481Z], OS[Windows 10/10.0/amd64], JVM[Oracle Corporation/Java HotSpot(TM) 64-Bit Server VM/1.8.0_74/25.74-b02]
[2017-05-09T15:53:58,410][INFO ][o.e.p.PluginsService     ] [TourOfHeroes] loaded module [aggs-matrix-stats]
[2017-05-09T15:53:58,410][INFO ][o.e.p.PluginsService     ] [TourOfHeroes] loaded module [ingest-common]
[2017-05-09T15:53:58,410][INFO ][o.e.p.PluginsService     ] [TourOfHeroes] loaded module [lang-expression]
[2017-05-09T15:53:58,410][INFO ][o.e.p.PluginsService     ] [TourOfHeroes] loaded module [lang-groovy]
[2017-05-09T15:53:58,426][INFO ][o.e.p.PluginsService     ] [TourOfHeroes] loaded module [lang-mustache]
[2017-05-09T15:53:58,426][INFO ][o.e.p.PluginsService     ] [TourOfHeroes] loaded module [lang-painless]
[2017-05-09T15:53:58,426][INFO ][o.e.p.PluginsService     ] [TourOfHeroes] loaded module [percolator]
[2017-05-09T15:53:58,426][INFO ][o.e.p.PluginsService     ] [TourOfHeroes] loaded module [reindex]
[2017-05-09T15:53:58,442][INFO ][o.e.p.PluginsService     ] [TourOfHeroes] loaded module [transport-netty3]
[2017-05-09T15:53:58,442][INFO ][o.e.p.PluginsService     ] [TourOfHeroes] loaded module [transport-netty4]
[2017-05-09T15:53:58,457][INFO ][o.e.p.PluginsService     ] [TourOfHeroes] no plugins loaded
[2017-05-09T15:54:05,993][INFO ][o.e.n.Node               ] [TourOfHeroes] initialized
[2017-05-09T15:54:06,008][INFO ][o.e.n.Node               ] [TourOfHeroes] starting ...
[2017-05-09T15:54:06,915][INFO ][o.e.t.TransportService   ] [TourOfHeroes] publish_address {127.0.0.1:9301}, bound_addresses {127.0.0.1:9301}, {[::1]:9301}
[2017-05-09T15:54:10,805][INFO ][o.e.c.s.ClusterService   ] [TourOfHeroes] added {{TourOfHeroes}{jltqItreTPSg2IJwU0nDVw}{M1n21sDSTfeaCmntdTYBTQ}{127.0.0.1}{127.0.0.1:9301},}, reason: zen-disco-node-join[{TourOfHeroes}{jltqItreTPSg2IJwU0nDVw}{M1n21sDSTfeaCmntdTYBTQ}{127.0.0.1}{127.0.0.1:9301}]
[2017-05-09T15:54:10,961][INFO ][o.e.c.s.ClusterService   ] [TourOfHeroes] detected_master {TourOfHeroes}{NVYklkcXT8KloSn64Cibpw}{LarjLikBTeO7zN4FghDlCA}{127.0.0.1}{127.0.0.1:9300}, added {{TourOfHeroes}{NVYklkcXT8KloSn64Cibpw}{LarjLikBTeO7zN4FghDlCA}{127.0.0.1}{127.0.0.1:9300},}, reason: zen-disco-receive(from master [master {TourOfHeroes}{NVYklkcXT8KloSn64Cibpw}{LarjLikBTeO7zN4FghDlCA}{127.0.0.1}{127.0.0.1:9300} committed version [8]])
[2017-05-09T15:54:11,305][WARN ][o.e.d.z.ElectMasterService] [TourOfHeroes] value for setting "discovery.zen.minimum_master_nodes" is too low. This can result in data loss! Please set it to at least a quorum of master-eligible nodes (current value: [-1], total number of master-eligible nodes used for publishing in this round: [2])
[2017-05-09T15:54:12,305][INFO ][o.e.h.n.Netty4HttpServerTransport] [TourOfHeroes] publish_address {127.0.0.1:9201}, bound_addresses {127.0.0.1:9201}, {[::1]:9201}
[2017-05-09T15:54:12,321][INFO ][o.e.n.Node               ] [TourOfHeroes] started
[2017-05-09T15:54:14,180][INFO ][o.e.c.r.a.AllocationService] [TourOfHeroes] Cluster health status changed from [YELLOW] to [GREEN] (reason: [shards started [[heroes][4]] ...]).
