[2017-05-03T10:15:25,850][INFO ][o.e.n.Node               ] [] initializing ...
[2017-05-03T10:15:26,100][INFO ][o.e.e.NodeEnvironment    ] [NVYklkc] using [1] data paths, mounts [[System (C:)]], net usable_space [106.2gb], net total_space [166.5gb], spins? [unknown], types [NTFS]
[2017-05-03T10:15:26,100][INFO ][o.e.e.NodeEnvironment    ] [NVYklkc] heap size [1.9gb], compressed ordinary object pointers [true]
[2017-05-03T10:15:26,115][INFO ][o.e.n.Node               ] node name [NVYklkc] derived from node ID [NVYklkcXT8KloSn64Cibpw]; set [node.name] to override
[2017-05-03T10:15:26,131][INFO ][o.e.n.Node               ] version[5.3.2], pid[9160], build[3068195/2017-04-24T16:15:59.481Z], OS[Windows 10/10.0/amd64], JVM[Oracle Corporation/Java HotSpot(TM) 64-Bit Server VM/1.8.0_74/25.74-b02]
[2017-05-03T10:15:27,944][INFO ][o.e.p.PluginsService     ] [NVYklkc] loaded module [aggs-matrix-stats]
[2017-05-03T10:15:27,944][INFO ][o.e.p.PluginsService     ] [NVYklkc] loaded module [ingest-common]
[2017-05-03T10:15:27,944][INFO ][o.e.p.PluginsService     ] [NVYklkc] loaded module [lang-expression]
[2017-05-03T10:15:27,944][INFO ][o.e.p.PluginsService     ] [NVYklkc] loaded module [lang-groovy]
[2017-05-03T10:15:27,944][INFO ][o.e.p.PluginsService     ] [NVYklkc] loaded module [lang-mustache]
[2017-05-03T10:15:27,959][INFO ][o.e.p.PluginsService     ] [NVYklkc] loaded module [lang-painless]
[2017-05-03T10:15:27,959][INFO ][o.e.p.PluginsService     ] [NVYklkc] loaded module [percolator]
[2017-05-03T10:15:27,959][INFO ][o.e.p.PluginsService     ] [NVYklkc] loaded module [reindex]
[2017-05-03T10:15:27,959][INFO ][o.e.p.PluginsService     ] [NVYklkc] loaded module [transport-netty3]
[2017-05-03T10:15:28,006][INFO ][o.e.p.PluginsService     ] [NVYklkc] loaded module [transport-netty4]
[2017-05-03T10:15:28,006][INFO ][o.e.p.PluginsService     ] [NVYklkc] no plugins loaded
[2017-05-03T10:15:35,202][INFO ][o.e.n.Node               ] initialized
[2017-05-03T10:15:35,202][INFO ][o.e.n.Node               ] [NVYklkc] starting ...
[2017-05-03T10:15:36,046][INFO ][o.e.t.TransportService   ] [NVYklkc] publish_address {127.0.0.1:9300}, bound_addresses {127.0.0.1:9300}, {[::1]:9300}
[2017-05-03T10:15:39,171][INFO ][o.e.c.s.ClusterService   ] [NVYklkc] new_master {NVYklkc}{NVYklkcXT8KloSn64Cibpw}{rlzoAEndRYShHQHi1MPnTw}{127.0.0.1}{127.0.0.1:9300}, reason: zen-disco-elected-as-master ([0] nodes joined)
[2017-05-03T10:15:39,343][INFO ][o.e.g.GatewayService     ] [NVYklkc] recovered [0] indices into cluster_state
[2017-05-03T10:15:39,671][INFO ][o.e.h.n.Netty4HttpServerTransport] [NVYklkc] publish_address {127.0.0.1:9200}, bound_addresses {127.0.0.1:9200}, {[::1]:9200}
[2017-05-03T10:15:39,671][INFO ][o.e.n.Node               ] [NVYklkc] started
[2017-05-03T10:19:41,858][INFO ][o.e.c.m.MetaDataCreateIndexService] [NVYklkc] [grafikart] creating index, cause [auto(bulk api)], templates [], shards [5]/[1], mappings []
[2017-05-03T10:19:42,794][INFO ][o.e.c.m.MetaDataMappingService] [NVYklkc] [grafikart/IU2o5zyfSg-FPJ0z8kPcgg] create_mapping [turoriels]
[2017-05-03T10:24:56,448][INFO ][o.e.n.Node               ] [NVYklkc] stopping ...
[2017-05-03T10:24:56,995][INFO ][o.e.n.Node               ] [NVYklkc] stopped
[2017-05-03T10:24:56,995][INFO ][o.e.n.Node               ] [NVYklkc] closing ...
[2017-05-03T10:24:57,011][INFO ][o.e.n.Node               ] [NVYklkc] closed
[2017-05-03T10:52:01,160][INFO ][o.e.n.Node               ] [] initializing ...
[2017-05-03T10:52:01,332][INFO ][o.e.e.NodeEnvironment    ] [NVYklkc] using [1] data paths, mounts [[System (C:)]], net usable_space [106.1gb], net total_space [166.5gb], spins? [unknown], types [NTFS]
[2017-05-03T10:52:01,332][INFO ][o.e.e.NodeEnvironment    ] [NVYklkc] heap size [1.9gb], compressed ordinary object pointers [true]
[2017-05-03T10:52:01,598][INFO ][o.e.n.Node               ] node name [NVYklkc] derived from node ID [NVYklkcXT8KloSn64Cibpw]; set [node.name] to override
[2017-05-03T10:52:01,598][INFO ][o.e.n.Node               ] version[5.3.2], pid[5792], build[3068195/2017-04-24T16:15:59.481Z], OS[Windows 10/10.0/amd64], JVM[Oracle Corporation/Java HotSpot(TM) 64-Bit Server VM/1.8.0_74/25.74-b02]
[2017-05-03T10:52:03,363][INFO ][o.e.p.PluginsService     ] [NVYklkc] loaded module [aggs-matrix-stats]
[2017-05-03T10:52:03,363][INFO ][o.e.p.PluginsService     ] [NVYklkc] loaded module [ingest-common]
[2017-05-03T10:52:03,379][INFO ][o.e.p.PluginsService     ] [NVYklkc] loaded module [lang-expression]
[2017-05-03T10:52:03,379][INFO ][o.e.p.PluginsService     ] [NVYklkc] loaded module [lang-groovy]
[2017-05-03T10:52:03,394][INFO ][o.e.p.PluginsService     ] [NVYklkc] loaded module [lang-mustache]
[2017-05-03T10:52:03,394][INFO ][o.e.p.PluginsService     ] [NVYklkc] loaded module [lang-painless]
[2017-05-03T10:52:03,394][INFO ][o.e.p.PluginsService     ] [NVYklkc] loaded module [percolator]
[2017-05-03T10:52:03,441][INFO ][o.e.p.PluginsService     ] [NVYklkc] loaded module [reindex]
[2017-05-03T10:52:03,441][INFO ][o.e.p.PluginsService     ] [NVYklkc] loaded module [transport-netty3]
[2017-05-03T10:52:03,457][INFO ][o.e.p.PluginsService     ] [NVYklkc] loaded module [transport-netty4]
[2017-05-03T10:52:03,457][INFO ][o.e.p.PluginsService     ] [NVYklkc] no plugins loaded
[2017-05-03T10:52:10,176][INFO ][o.e.n.Node               ] initialized
[2017-05-03T10:52:10,176][INFO ][o.e.n.Node               ] [NVYklkc] starting ...
[2017-05-03T10:52:11,004][INFO ][o.e.t.TransportService   ] [NVYklkc] publish_address {127.0.0.1:9300}, bound_addresses {127.0.0.1:9300}, {[::1]:9300}
[2017-05-03T10:52:14,073][INFO ][o.e.c.s.ClusterService   ] [NVYklkc] new_master {NVYklkc}{NVYklkcXT8KloSn64Cibpw}{Hoo7lyW3QACXulTRruKjjQ}{127.0.0.1}{127.0.0.1:9300}, reason: zen-disco-elected-as-master ([0] nodes joined)
[2017-05-03T10:52:14,510][INFO ][o.e.g.GatewayService     ] [NVYklkc] recovered [1] indices into cluster_state
[2017-05-03T10:52:15,120][INFO ][o.e.c.r.a.AllocationService] [NVYklkc] Cluster health status changed from [RED] to [YELLOW] (reason: [shards started [[grafikart][4]] ...]).
[2017-05-03T10:52:15,151][INFO ][o.e.h.n.Netty4HttpServerTransport] [NVYklkc] publish_address {127.0.0.1:9200}, bound_addresses {127.0.0.1:9200}, {[::1]:9200}
[2017-05-03T10:52:15,166][INFO ][o.e.n.Node               ] [NVYklkc] started
[2017-05-03T11:12:34,284][INFO ][o.e.c.m.MetaDataCreateIndexService] [NVYklkc] [graphikart] creating index, cause [auto(bulk api)], templates [], shards [5]/[1], mappings []
[2017-05-03T11:12:34,997][INFO ][o.e.c.m.MetaDataMappingService] [NVYklkc] [graphikart/zFpN4bJPQjWTd0qpeqJO8g] create_mapping [turoriels]
[2017-05-03T11:29:55,796][INFO ][o.e.n.Node               ] [NVYklkc] stopping ...
[2017-05-03T11:29:55,905][INFO ][o.e.n.Node               ] [NVYklkc] stopped
[2017-05-03T11:29:55,905][INFO ][o.e.n.Node               ] [NVYklkc] closing ...
[2017-05-03T11:29:55,921][INFO ][o.e.n.Node               ] [NVYklkc] closed
[2017-05-03T11:30:09,595][INFO ][o.e.n.Node               ] [graphikart] initializing ...
[2017-05-03T11:30:09,767][INFO ][o.e.e.NodeEnvironment    ] [graphikart] using [1] data paths, mounts [[System (C:)]], net usable_space [106.1gb], net total_space [166.5gb], spins? [unknown], types [NTFS]
[2017-05-03T11:30:09,782][INFO ][o.e.e.NodeEnvironment    ] [graphikart] heap size [1.9gb], compressed ordinary object pointers [true]
[2017-05-03T11:30:10,220][INFO ][o.e.n.Node               ] [graphikart] node name [graphikart], node ID [NVYklkcXT8KloSn64Cibpw]
[2017-05-03T11:30:10,220][INFO ][o.e.n.Node               ] [graphikart] version[5.3.2], pid[1636], build[3068195/2017-04-24T16:15:59.481Z], OS[Windows 10/10.0/amd64], JVM[Oracle Corporation/Java HotSpot(TM) 64-Bit Server VM/1.8.0_74/25.74-b02]
[2017-05-03T11:30:11,845][INFO ][o.e.p.PluginsService     ] [graphikart] loaded module [aggs-matrix-stats]
[2017-05-03T11:30:11,845][INFO ][o.e.p.PluginsService     ] [graphikart] loaded module [ingest-common]
[2017-05-03T11:30:11,845][INFO ][o.e.p.PluginsService     ] [graphikart] loaded module [lang-expression]
[2017-05-03T11:30:11,845][INFO ][o.e.p.PluginsService     ] [graphikart] loaded module [lang-groovy]
[2017-05-03T11:30:11,860][INFO ][o.e.p.PluginsService     ] [graphikart] loaded module [lang-mustache]
[2017-05-03T11:30:11,860][INFO ][o.e.p.PluginsService     ] [graphikart] loaded module [lang-painless]
[2017-05-03T11:30:11,860][INFO ][o.e.p.PluginsService     ] [graphikart] loaded module [percolator]
[2017-05-03T11:30:11,876][INFO ][o.e.p.PluginsService     ] [graphikart] loaded module [reindex]
[2017-05-03T11:30:11,876][INFO ][o.e.p.PluginsService     ] [graphikart] loaded module [transport-netty3]
[2017-05-03T11:30:11,876][INFO ][o.e.p.PluginsService     ] [graphikart] loaded module [transport-netty4]
[2017-05-03T11:30:11,892][INFO ][o.e.p.PluginsService     ] [graphikart] no plugins loaded
[2017-05-03T11:30:18,061][INFO ][o.e.n.Node               ] [graphikart] initialized
[2017-05-03T11:30:18,076][INFO ][o.e.n.Node               ] [graphikart] starting ...
[2017-05-03T11:30:18,911][INFO ][o.e.t.TransportService   ] [graphikart] publish_address {127.0.0.1:9300}, bound_addresses {127.0.0.1:9300}, {[::1]:9300}
[2017-05-03T11:30:22,022][INFO ][o.e.c.s.ClusterService   ] [graphikart] new_master {graphikart}{NVYklkcXT8KloSn64Cibpw}{ipXNbSosSmiB-frPqbS7Gw}{127.0.0.1}{127.0.0.1:9300}, reason: zen-disco-elected-as-master ([0] nodes joined)
[2017-05-03T11:30:22,506][INFO ][o.e.g.GatewayService     ] [graphikart] recovered [2] indices into cluster_state
[2017-05-03T11:30:23,830][INFO ][o.e.c.r.a.AllocationService] [graphikart] Cluster health status changed from [RED] to [YELLOW] (reason: [shards started [[grafikart][3], [grafikart][2]] ...]).
[2017-05-03T11:30:23,892][INFO ][o.e.h.n.Netty4HttpServerTransport] [graphikart] publish_address {127.0.0.1:9200}, bound_addresses {127.0.0.1:9200}, {[::1]:9200}
[2017-05-03T11:30:23,908][INFO ][o.e.n.Node               ] [graphikart] started
[2017-05-03T11:34:16,287][INFO ][o.e.n.Node               ] [graphikart] initializing ...
[2017-05-03T11:34:16,350][ERROR][o.e.b.Bootstrap          ] Exception
java.lang.IllegalStateException: failed to obtain node locks, tried [[C:\Users\ahamoudm\elasticsearch-5.3.2\data\elasticsearch]] with lock id [0]; maybe these locations are not writable or multiple nodes were started without increasing [node.max_local_storage_nodes] (was [1])?
	at org.elasticsearch.env.NodeEnvironment.<init>(NodeEnvironment.java:260) ~[elasticsearch-5.3.2.jar:5.3.2]
	at org.elasticsearch.node.Node.<init>(Node.java:262) ~[elasticsearch-5.3.2.jar:5.3.2]
	at org.elasticsearch.node.Node.<init>(Node.java:242) ~[elasticsearch-5.3.2.jar:5.3.2]
	at org.elasticsearch.bootstrap.Bootstrap$6.<init>(Bootstrap.java:242) ~[elasticsearch-5.3.2.jar:5.3.2]
	at org.elasticsearch.bootstrap.Bootstrap.setup(Bootstrap.java:242) ~[elasticsearch-5.3.2.jar:5.3.2]
	at org.elasticsearch.bootstrap.Bootstrap.init(Bootstrap.java:360) [elasticsearch-5.3.2.jar:5.3.2]
	at org.elasticsearch.bootstrap.Elasticsearch.init(Elasticsearch.java:123) [elasticsearch-5.3.2.jar:5.3.2]
	at org.elasticsearch.bootstrap.Elasticsearch.execute(Elasticsearch.java:114) [elasticsearch-5.3.2.jar:5.3.2]
	at org.elasticsearch.cli.EnvironmentAwareCommand.execute(EnvironmentAwareCommand.java:58) [elasticsearch-5.3.2.jar:5.3.2]
	at org.elasticsearch.cli.Command.mainWithoutErrorHandling(Command.java:122) [elasticsearch-5.3.2.jar:5.3.2]
	at org.elasticsearch.cli.Command.main(Command.java:88) [elasticsearch-5.3.2.jar:5.3.2]
	at org.elasticsearch.bootstrap.Elasticsearch.main(Elasticsearch.java:91) [elasticsearch-5.3.2.jar:5.3.2]
	at org.elasticsearch.bootstrap.Elasticsearch.main(Elasticsearch.java:84) [elasticsearch-5.3.2.jar:5.3.2]
[2017-05-03T11:34:16,366][WARN ][o.e.b.ElasticsearchUncaughtExceptionHandler] [graphikart] uncaught exception in thread [main]
org.elasticsearch.bootstrap.StartupException: java.lang.IllegalStateException: failed to obtain node locks, tried [[C:\Users\ahamoudm\elasticsearch-5.3.2\data\elasticsearch]] with lock id [0]; maybe these locations are not writable or multiple nodes were started without increasing [node.max_local_storage_nodes] (was [1])?
	at org.elasticsearch.bootstrap.Elasticsearch.init(Elasticsearch.java:127) ~[elasticsearch-5.3.2.jar:5.3.2]
	at org.elasticsearch.bootstrap.Elasticsearch.execute(Elasticsearch.java:114) ~[elasticsearch-5.3.2.jar:5.3.2]
	at org.elasticsearch.cli.EnvironmentAwareCommand.execute(EnvironmentAwareCommand.java:58) ~[elasticsearch-5.3.2.jar:5.3.2]
	at org.elasticsearch.cli.Command.mainWithoutErrorHandling(Command.java:122) ~[elasticsearch-5.3.2.jar:5.3.2]
	at org.elasticsearch.cli.Command.main(Command.java:88) ~[elasticsearch-5.3.2.jar:5.3.2]
	at org.elasticsearch.bootstrap.Elasticsearch.main(Elasticsearch.java:91) ~[elasticsearch-5.3.2.jar:5.3.2]
	at org.elasticsearch.bootstrap.Elasticsearch.main(Elasticsearch.java:84) ~[elasticsearch-5.3.2.jar:5.3.2]
Caused by: java.lang.IllegalStateException: failed to obtain node locks, tried [[C:\Users\ahamoudm\elasticsearch-5.3.2\data\elasticsearch]] with lock id [0]; maybe these locations are not writable or multiple nodes were started without increasing [node.max_local_storage_nodes] (was [1])?
	at org.elasticsearch.env.NodeEnvironment.<init>(NodeEnvironment.java:260) ~[elasticsearch-5.3.2.jar:5.3.2]
	at org.elasticsearch.node.Node.<init>(Node.java:262) ~[elasticsearch-5.3.2.jar:5.3.2]
	at org.elasticsearch.node.Node.<init>(Node.java:242) ~[elasticsearch-5.3.2.jar:5.3.2]
	at org.elasticsearch.bootstrap.Bootstrap$6.<init>(Bootstrap.java:242) ~[elasticsearch-5.3.2.jar:5.3.2]
	at org.elasticsearch.bootstrap.Bootstrap.setup(Bootstrap.java:242) ~[elasticsearch-5.3.2.jar:5.3.2]
	at org.elasticsearch.bootstrap.Bootstrap.init(Bootstrap.java:360) ~[elasticsearch-5.3.2.jar:5.3.2]
	at org.elasticsearch.bootstrap.Elasticsearch.init(Elasticsearch.java:123) ~[elasticsearch-5.3.2.jar:5.3.2]
	... 6 more
[2017-05-03T11:36:59,656][INFO ][o.e.n.Node               ] [graphikart] initializing ...
[2017-05-03T11:36:59,718][ERROR][o.e.b.Bootstrap          ] Exception
java.lang.IllegalStateException: failed to obtain node locks, tried [[C:\Users\ahamoudm\elasticsearch-5.3.2\data\elasticsearch]] with lock id [0]; maybe these locations are not writable or multiple nodes were started without increasing [node.max_local_storage_nodes] (was [1])?
	at org.elasticsearch.env.NodeEnvironment.<init>(NodeEnvironment.java:260) ~[elasticsearch-5.3.2.jar:5.3.2]
	at org.elasticsearch.node.Node.<init>(Node.java:262) ~[elasticsearch-5.3.2.jar:5.3.2]
	at org.elasticsearch.node.Node.<init>(Node.java:242) ~[elasticsearch-5.3.2.jar:5.3.2]
	at org.elasticsearch.bootstrap.Bootstrap$6.<init>(Bootstrap.java:242) ~[elasticsearch-5.3.2.jar:5.3.2]
	at org.elasticsearch.bootstrap.Bootstrap.setup(Bootstrap.java:242) ~[elasticsearch-5.3.2.jar:5.3.2]
	at org.elasticsearch.bootstrap.Bootstrap.init(Bootstrap.java:360) [elasticsearch-5.3.2.jar:5.3.2]
	at org.elasticsearch.bootstrap.Elasticsearch.init(Elasticsearch.java:123) [elasticsearch-5.3.2.jar:5.3.2]
	at org.elasticsearch.bootstrap.Elasticsearch.execute(Elasticsearch.java:114) [elasticsearch-5.3.2.jar:5.3.2]
	at org.elasticsearch.cli.EnvironmentAwareCommand.execute(EnvironmentAwareCommand.java:58) [elasticsearch-5.3.2.jar:5.3.2]
	at org.elasticsearch.cli.Command.mainWithoutErrorHandling(Command.java:122) [elasticsearch-5.3.2.jar:5.3.2]
	at org.elasticsearch.cli.Command.main(Command.java:88) [elasticsearch-5.3.2.jar:5.3.2]
	at org.elasticsearch.bootstrap.Elasticsearch.main(Elasticsearch.java:91) [elasticsearch-5.3.2.jar:5.3.2]
	at org.elasticsearch.bootstrap.Elasticsearch.main(Elasticsearch.java:84) [elasticsearch-5.3.2.jar:5.3.2]
[2017-05-03T11:36:59,718][WARN ][o.e.b.ElasticsearchUncaughtExceptionHandler] [graphikart] uncaught exception in thread [main]
org.elasticsearch.bootstrap.StartupException: java.lang.IllegalStateException: failed to obtain node locks, tried [[C:\Users\ahamoudm\elasticsearch-5.3.2\data\elasticsearch]] with lock id [0]; maybe these locations are not writable or multiple nodes were started without increasing [node.max_local_storage_nodes] (was [1])?
	at org.elasticsearch.bootstrap.Elasticsearch.init(Elasticsearch.java:127) ~[elasticsearch-5.3.2.jar:5.3.2]
	at org.elasticsearch.bootstrap.Elasticsearch.execute(Elasticsearch.java:114) ~[elasticsearch-5.3.2.jar:5.3.2]
	at org.elasticsearch.cli.EnvironmentAwareCommand.execute(EnvironmentAwareCommand.java:58) ~[elasticsearch-5.3.2.jar:5.3.2]
	at org.elasticsearch.cli.Command.mainWithoutErrorHandling(Command.java:122) ~[elasticsearch-5.3.2.jar:5.3.2]
	at org.elasticsearch.cli.Command.main(Command.java:88) ~[elasticsearch-5.3.2.jar:5.3.2]
	at org.elasticsearch.bootstrap.Elasticsearch.main(Elasticsearch.java:91) ~[elasticsearch-5.3.2.jar:5.3.2]
	at org.elasticsearch.bootstrap.Elasticsearch.main(Elasticsearch.java:84) ~[elasticsearch-5.3.2.jar:5.3.2]
Caused by: java.lang.IllegalStateException: failed to obtain node locks, tried [[C:\Users\ahamoudm\elasticsearch-5.3.2\data\elasticsearch]] with lock id [0]; maybe these locations are not writable or multiple nodes were started without increasing [node.max_local_storage_nodes] (was [1])?
	at org.elasticsearch.env.NodeEnvironment.<init>(NodeEnvironment.java:260) ~[elasticsearch-5.3.2.jar:5.3.2]
	at org.elasticsearch.node.Node.<init>(Node.java:262) ~[elasticsearch-5.3.2.jar:5.3.2]
	at org.elasticsearch.node.Node.<init>(Node.java:242) ~[elasticsearch-5.3.2.jar:5.3.2]
	at org.elasticsearch.bootstrap.Bootstrap$6.<init>(Bootstrap.java:242) ~[elasticsearch-5.3.2.jar:5.3.2]
	at org.elasticsearch.bootstrap.Bootstrap.setup(Bootstrap.java:242) ~[elasticsearch-5.3.2.jar:5.3.2]
	at org.elasticsearch.bootstrap.Bootstrap.init(Bootstrap.java:360) ~[elasticsearch-5.3.2.jar:5.3.2]
	at org.elasticsearch.bootstrap.Elasticsearch.init(Elasticsearch.java:123) ~[elasticsearch-5.3.2.jar:5.3.2]
	... 6 more
[2017-05-03T12:06:58,873][INFO ][o.e.n.Node               ] [graphikart] initializing ...
[2017-05-03T12:06:58,936][ERROR][o.e.b.Bootstrap          ] Exception
java.lang.IllegalStateException: failed to obtain node locks, tried [[C:\Users\ahamoudm\elasticsearch-5.3.2\data\elasticsearch]] with lock id [0]; maybe these locations are not writable or multiple nodes were started without increasing [node.max_local_storage_nodes] (was [1])?
	at org.elasticsearch.env.NodeEnvironment.<init>(NodeEnvironment.java:260) ~[elasticsearch-5.3.2.jar:5.3.2]
	at org.elasticsearch.node.Node.<init>(Node.java:262) ~[elasticsearch-5.3.2.jar:5.3.2]
	at org.elasticsearch.node.Node.<init>(Node.java:242) ~[elasticsearch-5.3.2.jar:5.3.2]
	at org.elasticsearch.bootstrap.Bootstrap$6.<init>(Bootstrap.java:242) ~[elasticsearch-5.3.2.jar:5.3.2]
	at org.elasticsearch.bootstrap.Bootstrap.setup(Bootstrap.java:242) ~[elasticsearch-5.3.2.jar:5.3.2]
	at org.elasticsearch.bootstrap.Bootstrap.init(Bootstrap.java:360) [elasticsearch-5.3.2.jar:5.3.2]
	at org.elasticsearch.bootstrap.Elasticsearch.init(Elasticsearch.java:123) [elasticsearch-5.3.2.jar:5.3.2]
	at org.elasticsearch.bootstrap.Elasticsearch.execute(Elasticsearch.java:114) [elasticsearch-5.3.2.jar:5.3.2]
	at org.elasticsearch.cli.EnvironmentAwareCommand.execute(EnvironmentAwareCommand.java:58) [elasticsearch-5.3.2.jar:5.3.2]
	at org.elasticsearch.cli.Command.mainWithoutErrorHandling(Command.java:122) [elasticsearch-5.3.2.jar:5.3.2]
	at org.elasticsearch.cli.Command.main(Command.java:88) [elasticsearch-5.3.2.jar:5.3.2]
	at org.elasticsearch.bootstrap.Elasticsearch.main(Elasticsearch.java:91) [elasticsearch-5.3.2.jar:5.3.2]
	at org.elasticsearch.bootstrap.Elasticsearch.main(Elasticsearch.java:84) [elasticsearch-5.3.2.jar:5.3.2]
[2017-05-03T12:06:58,951][WARN ][o.e.b.ElasticsearchUncaughtExceptionHandler] [graphikart] uncaught exception in thread [main]
org.elasticsearch.bootstrap.StartupException: java.lang.IllegalStateException: failed to obtain node locks, tried [[C:\Users\ahamoudm\elasticsearch-5.3.2\data\elasticsearch]] with lock id [0]; maybe these locations are not writable or multiple nodes were started without increasing [node.max_local_storage_nodes] (was [1])?
	at org.elasticsearch.bootstrap.Elasticsearch.init(Elasticsearch.java:127) ~[elasticsearch-5.3.2.jar:5.3.2]
	at org.elasticsearch.bootstrap.Elasticsearch.execute(Elasticsearch.java:114) ~[elasticsearch-5.3.2.jar:5.3.2]
	at org.elasticsearch.cli.EnvironmentAwareCommand.execute(EnvironmentAwareCommand.java:58) ~[elasticsearch-5.3.2.jar:5.3.2]
	at org.elasticsearch.cli.Command.mainWithoutErrorHandling(Command.java:122) ~[elasticsearch-5.3.2.jar:5.3.2]
	at org.elasticsearch.cli.Command.main(Command.java:88) ~[elasticsearch-5.3.2.jar:5.3.2]
	at org.elasticsearch.bootstrap.Elasticsearch.main(Elasticsearch.java:91) ~[elasticsearch-5.3.2.jar:5.3.2]
	at org.elasticsearch.bootstrap.Elasticsearch.main(Elasticsearch.java:84) ~[elasticsearch-5.3.2.jar:5.3.2]
Caused by: java.lang.IllegalStateException: failed to obtain node locks, tried [[C:\Users\ahamoudm\elasticsearch-5.3.2\data\elasticsearch]] with lock id [0]; maybe these locations are not writable or multiple nodes were started without increasing [node.max_local_storage_nodes] (was [1])?
	at org.elasticsearch.env.NodeEnvironment.<init>(NodeEnvironment.java:260) ~[elasticsearch-5.3.2.jar:5.3.2]
	at org.elasticsearch.node.Node.<init>(Node.java:262) ~[elasticsearch-5.3.2.jar:5.3.2]
	at org.elasticsearch.node.Node.<init>(Node.java:242) ~[elasticsearch-5.3.2.jar:5.3.2]
	at org.elasticsearch.bootstrap.Bootstrap$6.<init>(Bootstrap.java:242) ~[elasticsearch-5.3.2.jar:5.3.2]
	at org.elasticsearch.bootstrap.Bootstrap.setup(Bootstrap.java:242) ~[elasticsearch-5.3.2.jar:5.3.2]
	at org.elasticsearch.bootstrap.Bootstrap.init(Bootstrap.java:360) ~[elasticsearch-5.3.2.jar:5.3.2]
	at org.elasticsearch.bootstrap.Elasticsearch.init(Elasticsearch.java:123) ~[elasticsearch-5.3.2.jar:5.3.2]
	... 6 more
[2017-05-03T12:15:22,891][INFO ][o.e.n.Node               ] [graphikart] stopping ...
[2017-05-03T12:15:22,985][INFO ][o.e.n.Node               ] [graphikart] stopped
[2017-05-03T12:15:22,985][INFO ][o.e.n.Node               ] [graphikart] closing ...
[2017-05-03T12:15:23,001][INFO ][o.e.n.Node               ] [graphikart] closed
[2017-05-03T12:15:31,647][INFO ][o.e.n.Node               ] [graphikart] initializing ...
[2017-05-03T12:15:31,808][INFO ][o.e.e.NodeEnvironment    ] [graphikart] using [1] data paths, mounts [[System (C:)]], net usable_space [106.1gb], net total_space [166.5gb], spins? [unknown], types [NTFS]
[2017-05-03T12:15:31,810][INFO ][o.e.e.NodeEnvironment    ] [graphikart] heap size [1.9gb], compressed ordinary object pointers [true]
[2017-05-03T12:15:32,279][INFO ][o.e.n.Node               ] [graphikart] node name [graphikart], node ID [NVYklkcXT8KloSn64Cibpw]
[2017-05-03T12:15:32,279][INFO ][o.e.n.Node               ] [graphikart] version[5.3.2], pid[9396], build[3068195/2017-04-24T16:15:59.481Z], OS[Windows 10/10.0/amd64], JVM[Oracle Corporation/Java HotSpot(TM) 64-Bit Server VM/1.8.0_74/25.74-b02]
[2017-05-03T12:15:33,842][INFO ][o.e.p.PluginsService     ] [graphikart] loaded module [aggs-matrix-stats]
[2017-05-03T12:15:33,842][INFO ][o.e.p.PluginsService     ] [graphikart] loaded module [ingest-common]
[2017-05-03T12:15:33,857][INFO ][o.e.p.PluginsService     ] [graphikart] loaded module [lang-expression]
[2017-05-03T12:15:33,857][INFO ][o.e.p.PluginsService     ] [graphikart] loaded module [lang-groovy]
[2017-05-03T12:15:33,857][INFO ][o.e.p.PluginsService     ] [graphikart] loaded module [lang-mustache]
[2017-05-03T12:15:33,857][INFO ][o.e.p.PluginsService     ] [graphikart] loaded module [lang-painless]
[2017-05-03T12:15:33,873][INFO ][o.e.p.PluginsService     ] [graphikart] loaded module [percolator]
[2017-05-03T12:15:33,873][INFO ][o.e.p.PluginsService     ] [graphikart] loaded module [reindex]
[2017-05-03T12:15:33,889][INFO ][o.e.p.PluginsService     ] [graphikart] loaded module [transport-netty3]
[2017-05-03T12:15:33,889][INFO ][o.e.p.PluginsService     ] [graphikart] loaded module [transport-netty4]
[2017-05-03T12:15:33,889][INFO ][o.e.p.PluginsService     ] [graphikart] no plugins loaded
[2017-05-03T12:15:34,998][ERROR][o.e.b.Bootstrap          ] Exception
java.lang.IllegalArgumentException: unknown setting [number_of_replicas] please check that any required plugins are installed, or check the breaking changes documentation for removed settings
	at org.elasticsearch.common.settings.AbstractScopedSettings.validate(AbstractScopedSettings.java:295) ~[elasticsearch-5.3.2.jar:5.3.2]
	at org.elasticsearch.common.settings.AbstractScopedSettings.validate(AbstractScopedSettings.java:258) ~[elasticsearch-5.3.2.jar:5.3.2]
	at org.elasticsearch.common.settings.SettingsModule.<init>(SettingsModule.java:139) ~[elasticsearch-5.3.2.jar:5.3.2]
	at org.elasticsearch.node.Node.<init>(Node.java:342) ~[elasticsearch-5.3.2.jar:5.3.2]
	at org.elasticsearch.node.Node.<init>(Node.java:242) ~[elasticsearch-5.3.2.jar:5.3.2]
	at org.elasticsearch.bootstrap.Bootstrap$6.<init>(Bootstrap.java:242) ~[elasticsearch-5.3.2.jar:5.3.2]
	at org.elasticsearch.bootstrap.Bootstrap.setup(Bootstrap.java:242) ~[elasticsearch-5.3.2.jar:5.3.2]
	at org.elasticsearch.bootstrap.Bootstrap.init(Bootstrap.java:360) [elasticsearch-5.3.2.jar:5.3.2]
	at org.elasticsearch.bootstrap.Elasticsearch.init(Elasticsearch.java:123) [elasticsearch-5.3.2.jar:5.3.2]
	at org.elasticsearch.bootstrap.Elasticsearch.execute(Elasticsearch.java:114) [elasticsearch-5.3.2.jar:5.3.2]
	at org.elasticsearch.cli.EnvironmentAwareCommand.execute(EnvironmentAwareCommand.java:58) [elasticsearch-5.3.2.jar:5.3.2]
	at org.elasticsearch.cli.Command.mainWithoutErrorHandling(Command.java:122) [elasticsearch-5.3.2.jar:5.3.2]
	at org.elasticsearch.cli.Command.main(Command.java:88) [elasticsearch-5.3.2.jar:5.3.2]
	at org.elasticsearch.bootstrap.Elasticsearch.main(Elasticsearch.java:91) [elasticsearch-5.3.2.jar:5.3.2]
	at org.elasticsearch.bootstrap.Elasticsearch.main(Elasticsearch.java:84) [elasticsearch-5.3.2.jar:5.3.2]
[2017-05-03T12:15:34,998][WARN ][o.e.b.ElasticsearchUncaughtExceptionHandler] [graphikart] uncaught exception in thread [main]
org.elasticsearch.bootstrap.StartupException: java.lang.IllegalArgumentException: unknown setting [number_of_replicas] please check that any required plugins are installed, or check the breaking changes documentation for removed settings
	at org.elasticsearch.bootstrap.Elasticsearch.init(Elasticsearch.java:127) ~[elasticsearch-5.3.2.jar:5.3.2]
	at org.elasticsearch.bootstrap.Elasticsearch.execute(Elasticsearch.java:114) ~[elasticsearch-5.3.2.jar:5.3.2]
	at org.elasticsearch.cli.EnvironmentAwareCommand.execute(EnvironmentAwareCommand.java:58) ~[elasticsearch-5.3.2.jar:5.3.2]
	at org.elasticsearch.cli.Command.mainWithoutErrorHandling(Command.java:122) ~[elasticsearch-5.3.2.jar:5.3.2]
	at org.elasticsearch.cli.Command.main(Command.java:88) ~[elasticsearch-5.3.2.jar:5.3.2]
	at org.elasticsearch.bootstrap.Elasticsearch.main(Elasticsearch.java:91) ~[elasticsearch-5.3.2.jar:5.3.2]
	at org.elasticsearch.bootstrap.Elasticsearch.main(Elasticsearch.java:84) ~[elasticsearch-5.3.2.jar:5.3.2]
Caused by: java.lang.IllegalArgumentException: unknown setting [number_of_replicas] please check that any required plugins are installed, or check the breaking changes documentation for removed settings
	at org.elasticsearch.common.settings.AbstractScopedSettings.validate(AbstractScopedSettings.java:295) ~[elasticsearch-5.3.2.jar:5.3.2]
	at org.elasticsearch.common.settings.AbstractScopedSettings.validate(AbstractScopedSettings.java:258) ~[elasticsearch-5.3.2.jar:5.3.2]
	at org.elasticsearch.common.settings.SettingsModule.<init>(SettingsModule.java:139) ~[elasticsearch-5.3.2.jar:5.3.2]
	at org.elasticsearch.node.Node.<init>(Node.java:342) ~[elasticsearch-5.3.2.jar:5.3.2]
	at org.elasticsearch.node.Node.<init>(Node.java:242) ~[elasticsearch-5.3.2.jar:5.3.2]
	at org.elasticsearch.bootstrap.Bootstrap$6.<init>(Bootstrap.java:242) ~[elasticsearch-5.3.2.jar:5.3.2]
	at org.elasticsearch.bootstrap.Bootstrap.setup(Bootstrap.java:242) ~[elasticsearch-5.3.2.jar:5.3.2]
	at org.elasticsearch.bootstrap.Bootstrap.init(Bootstrap.java:360) ~[elasticsearch-5.3.2.jar:5.3.2]
	at org.elasticsearch.bootstrap.Elasticsearch.init(Elasticsearch.java:123) ~[elasticsearch-5.3.2.jar:5.3.2]
	... 6 more
[2017-05-03T13:26:53,976][INFO ][o.e.n.Node               ] [graphikart] initializing ...
[2017-05-03T13:26:54,117][INFO ][o.e.e.NodeEnvironment    ] [graphikart] using [1] data paths, mounts [[System (C:)]], net usable_space [106.1gb], net total_space [166.5gb], spins? [unknown], types [NTFS]
[2017-05-03T13:26:54,132][INFO ][o.e.e.NodeEnvironment    ] [graphikart] heap size [1.9gb], compressed ordinary object pointers [true]
[2017-05-03T13:26:54,601][INFO ][o.e.n.Node               ] [graphikart] node name [graphikart], node ID [NVYklkcXT8KloSn64Cibpw]
[2017-05-03T13:26:54,601][INFO ][o.e.n.Node               ] [graphikart] version[5.3.2], pid[3324], build[3068195/2017-04-24T16:15:59.481Z], OS[Windows 10/10.0/amd64], JVM[Oracle Corporation/Java HotSpot(TM) 64-Bit Server VM/1.8.0_74/25.74-b02]
[2017-05-03T13:26:56,245][INFO ][o.e.p.PluginsService     ] [graphikart] loaded module [aggs-matrix-stats]
[2017-05-03T13:26:56,245][INFO ][o.e.p.PluginsService     ] [graphikart] loaded module [ingest-common]
[2017-05-03T13:26:56,245][INFO ][o.e.p.PluginsService     ] [graphikart] loaded module [lang-expression]
[2017-05-03T13:26:56,261][INFO ][o.e.p.PluginsService     ] [graphikart] loaded module [lang-groovy]
[2017-05-03T13:26:56,261][INFO ][o.e.p.PluginsService     ] [graphikart] loaded module [lang-mustache]
[2017-05-03T13:26:56,261][INFO ][o.e.p.PluginsService     ] [graphikart] loaded module [lang-painless]
[2017-05-03T13:26:56,261][INFO ][o.e.p.PluginsService     ] [graphikart] loaded module [percolator]
[2017-05-03T13:26:56,276][INFO ][o.e.p.PluginsService     ] [graphikart] loaded module [reindex]
[2017-05-03T13:26:56,276][INFO ][o.e.p.PluginsService     ] [graphikart] loaded module [transport-netty3]
[2017-05-03T13:26:56,276][INFO ][o.e.p.PluginsService     ] [graphikart] loaded module [transport-netty4]
[2017-05-03T13:26:56,292][INFO ][o.e.p.PluginsService     ] [graphikart] no plugins loaded
[2017-05-03T13:27:03,393][INFO ][o.e.n.Node               ] [graphikart] initialized
[2017-05-03T13:27:03,431][INFO ][o.e.n.Node               ] [graphikart] starting ...
[2017-05-03T13:27:04,300][INFO ][o.e.t.TransportService   ] [graphikart] publish_address {127.0.0.1:9300}, bound_addresses {127.0.0.1:9300}, {[::1]:9300}
[2017-05-03T13:27:07,377][INFO ][o.e.c.s.ClusterService   ] [graphikart] new_master {graphikart}{NVYklkcXT8KloSn64Cibpw}{FJ5FhX4YRf6CWfxo17RA5w}{127.0.0.1}{127.0.0.1:9300}, reason: zen-disco-elected-as-master ([0] nodes joined)
[2017-05-03T13:27:07,889][INFO ][o.e.g.GatewayService     ] [graphikart] recovered [2] indices into cluster_state
[2017-05-03T13:27:09,195][INFO ][o.e.h.n.Netty4HttpServerTransport] [graphikart] publish_address {127.0.0.1:9200}, bound_addresses {127.0.0.1:9200}, {[::1]:9200}
[2017-05-03T13:27:09,227][INFO ][o.e.c.r.a.AllocationService] [graphikart] Cluster health status changed from [RED] to [YELLOW] (reason: [shards started [[grafikart][3]] ...]).
[2017-05-03T13:27:09,227][INFO ][o.e.n.Node               ] [graphikart] started
[2017-05-03T13:28:25,698][INFO ][o.e.c.m.MetaDataUpdateSettingsService] [graphikart] updating number_of_replicas to [1] for indices [graphikart]
[2017-05-03T13:31:42,950][INFO ][o.e.n.Node               ] [graphikart] initializing ...
[2017-05-03T13:31:43,012][ERROR][o.e.b.Bootstrap          ] Exception
java.lang.IllegalStateException: failed to obtain node locks, tried [[C:\Users\ahamoudm\elasticsearch-5.3.2\data\elasticsearch]] with lock id [0]; maybe these locations are not writable or multiple nodes were started without increasing [node.max_local_storage_nodes] (was [1])?
	at org.elasticsearch.env.NodeEnvironment.<init>(NodeEnvironment.java:260) ~[elasticsearch-5.3.2.jar:5.3.2]
	at org.elasticsearch.node.Node.<init>(Node.java:262) ~[elasticsearch-5.3.2.jar:5.3.2]
	at org.elasticsearch.node.Node.<init>(Node.java:242) ~[elasticsearch-5.3.2.jar:5.3.2]
	at org.elasticsearch.bootstrap.Bootstrap$6.<init>(Bootstrap.java:242) ~[elasticsearch-5.3.2.jar:5.3.2]
	at org.elasticsearch.bootstrap.Bootstrap.setup(Bootstrap.java:242) ~[elasticsearch-5.3.2.jar:5.3.2]
	at org.elasticsearch.bootstrap.Bootstrap.init(Bootstrap.java:360) [elasticsearch-5.3.2.jar:5.3.2]
	at org.elasticsearch.bootstrap.Elasticsearch.init(Elasticsearch.java:123) [elasticsearch-5.3.2.jar:5.3.2]
	at org.elasticsearch.bootstrap.Elasticsearch.execute(Elasticsearch.java:114) [elasticsearch-5.3.2.jar:5.3.2]
	at org.elasticsearch.cli.EnvironmentAwareCommand.execute(EnvironmentAwareCommand.java:58) [elasticsearch-5.3.2.jar:5.3.2]
	at org.elasticsearch.cli.Command.mainWithoutErrorHandling(Command.java:122) [elasticsearch-5.3.2.jar:5.3.2]
	at org.elasticsearch.cli.Command.main(Command.java:88) [elasticsearch-5.3.2.jar:5.3.2]
	at org.elasticsearch.bootstrap.Elasticsearch.main(Elasticsearch.java:91) [elasticsearch-5.3.2.jar:5.3.2]
	at org.elasticsearch.bootstrap.Elasticsearch.main(Elasticsearch.java:84) [elasticsearch-5.3.2.jar:5.3.2]
[2017-05-03T13:31:43,028][WARN ][o.e.b.ElasticsearchUncaughtExceptionHandler] [graphikart] uncaught exception in thread [main]
org.elasticsearch.bootstrap.StartupException: java.lang.IllegalStateException: failed to obtain node locks, tried [[C:\Users\ahamoudm\elasticsearch-5.3.2\data\elasticsearch]] with lock id [0]; maybe these locations are not writable or multiple nodes were started without increasing [node.max_local_storage_nodes] (was [1])?
	at org.elasticsearch.bootstrap.Elasticsearch.init(Elasticsearch.java:127) ~[elasticsearch-5.3.2.jar:5.3.2]
	at org.elasticsearch.bootstrap.Elasticsearch.execute(Elasticsearch.java:114) ~[elasticsearch-5.3.2.jar:5.3.2]
	at org.elasticsearch.cli.EnvironmentAwareCommand.execute(EnvironmentAwareCommand.java:58) ~[elasticsearch-5.3.2.jar:5.3.2]
	at org.elasticsearch.cli.Command.mainWithoutErrorHandling(Command.java:122) ~[elasticsearch-5.3.2.jar:5.3.2]
	at org.elasticsearch.cli.Command.main(Command.java:88) ~[elasticsearch-5.3.2.jar:5.3.2]
	at org.elasticsearch.bootstrap.Elasticsearch.main(Elasticsearch.java:91) ~[elasticsearch-5.3.2.jar:5.3.2]
	at org.elasticsearch.bootstrap.Elasticsearch.main(Elasticsearch.java:84) ~[elasticsearch-5.3.2.jar:5.3.2]
Caused by: java.lang.IllegalStateException: failed to obtain node locks, tried [[C:\Users\ahamoudm\elasticsearch-5.3.2\data\elasticsearch]] with lock id [0]; maybe these locations are not writable or multiple nodes were started without increasing [node.max_local_storage_nodes] (was [1])?
	at org.elasticsearch.env.NodeEnvironment.<init>(NodeEnvironment.java:260) ~[elasticsearch-5.3.2.jar:5.3.2]
	at org.elasticsearch.node.Node.<init>(Node.java:262) ~[elasticsearch-5.3.2.jar:5.3.2]
	at org.elasticsearch.node.Node.<init>(Node.java:242) ~[elasticsearch-5.3.2.jar:5.3.2]
	at org.elasticsearch.bootstrap.Bootstrap$6.<init>(Bootstrap.java:242) ~[elasticsearch-5.3.2.jar:5.3.2]
	at org.elasticsearch.bootstrap.Bootstrap.setup(Bootstrap.java:242) ~[elasticsearch-5.3.2.jar:5.3.2]
	at org.elasticsearch.bootstrap.Bootstrap.init(Bootstrap.java:360) ~[elasticsearch-5.3.2.jar:5.3.2]
	at org.elasticsearch.bootstrap.Elasticsearch.init(Elasticsearch.java:123) ~[elasticsearch-5.3.2.jar:5.3.2]
	... 6 more
[2017-05-03T14:57:48,152][INFO ][o.e.b.Bootstrap          ] running graceful exit on windows
[2017-05-03T14:57:48,152][INFO ][o.e.n.Node               ] [graphikart] stopping ...
[2017-05-03T14:57:48,871][INFO ][o.e.n.Node               ] [graphikart] stopped
[2017-05-03T14:57:48,871][INFO ][o.e.n.Node               ] [graphikart] closing ...
[2017-05-03T14:57:48,902][INFO ][o.e.n.Node               ] [graphikart] closed
[2017-05-03T16:33:05,907][INFO ][o.e.n.Node               ] [graphikart] initializing ...
[2017-05-03T16:33:06,095][INFO ][o.e.e.NodeEnvironment    ] [graphikart] using [1] data paths, mounts [[System (C:)]], net usable_space [105.4gb], net total_space [166.5gb], spins? [unknown], types [NTFS]
[2017-05-03T16:33:06,095][INFO ][o.e.e.NodeEnvironment    ] [graphikart] heap size [1.9gb], compressed ordinary object pointers [true]
[2017-05-03T16:33:06,658][INFO ][o.e.n.Node               ] [graphikart] node name [graphikart], node ID [NVYklkcXT8KloSn64Cibpw]
[2017-05-03T16:33:06,658][INFO ][o.e.n.Node               ] [graphikart] version[5.3.2], pid[9060], build[3068195/2017-04-24T16:15:59.481Z], OS[Windows 10/10.0/amd64], JVM[Oracle Corporation/Java HotSpot(TM) 64-Bit Server VM/1.8.0_74/25.74-b02]
[2017-05-03T16:33:09,095][INFO ][o.e.p.PluginsService     ] [graphikart] loaded module [aggs-matrix-stats]
[2017-05-03T16:33:09,095][INFO ][o.e.p.PluginsService     ] [graphikart] loaded module [ingest-common]
[2017-05-03T16:33:09,095][INFO ][o.e.p.PluginsService     ] [graphikart] loaded module [lang-expression]
[2017-05-03T16:33:09,095][INFO ][o.e.p.PluginsService     ] [graphikart] loaded module [lang-groovy]
[2017-05-03T16:33:09,095][INFO ][o.e.p.PluginsService     ] [graphikart] loaded module [lang-mustache]
[2017-05-03T16:33:09,095][INFO ][o.e.p.PluginsService     ] [graphikart] loaded module [lang-painless]
[2017-05-03T16:33:09,095][INFO ][o.e.p.PluginsService     ] [graphikart] loaded module [percolator]
[2017-05-03T16:33:09,095][INFO ][o.e.p.PluginsService     ] [graphikart] loaded module [reindex]
[2017-05-03T16:33:09,095][INFO ][o.e.p.PluginsService     ] [graphikart] loaded module [transport-netty3]
[2017-05-03T16:33:09,111][INFO ][o.e.p.PluginsService     ] [graphikart] loaded module [transport-netty4]
[2017-05-03T16:33:09,111][INFO ][o.e.p.PluginsService     ] [graphikart] no plugins loaded
[2017-05-03T16:33:16,517][INFO ][o.e.n.Node               ] [graphikart] initialized
[2017-05-03T16:33:16,517][INFO ][o.e.n.Node               ] [graphikart] starting ...
[2017-05-03T16:33:17,392][INFO ][o.e.t.TransportService   ] [graphikart] publish_address {127.0.0.1:9300}, bound_addresses {127.0.0.1:9300}, {[::1]:9300}
[2017-05-03T16:33:20,486][INFO ][o.e.c.s.ClusterService   ] [graphikart] new_master {graphikart}{NVYklkcXT8KloSn64Cibpw}{hVX2uPSCRsew4sPQ8BDZYw}{127.0.0.1}{127.0.0.1:9300}, reason: zen-disco-elected-as-master ([0] nodes joined)
[2017-05-03T16:33:20,939][INFO ][o.e.g.GatewayService     ] [graphikart] recovered [2] indices into cluster_state
[2017-05-03T16:33:21,845][INFO ][o.e.h.n.Netty4HttpServerTransport] [graphikart] publish_address {127.0.0.1:9200}, bound_addresses {127.0.0.1:9200}, {[::1]:9200}
[2017-05-03T16:33:21,892][INFO ][o.e.n.Node               ] [graphikart] started
[2017-05-03T16:33:22,486][INFO ][o.e.c.r.a.AllocationService] [graphikart] Cluster health status changed from [RED] to [YELLOW] (reason: [shards started [[grafikart][3], [grafikart][2]] ...]).
[2017-05-03T16:42:08,195][WARN ][o.e.t.n.Netty4Transport  ] [graphikart] exception caught on transport layer [[id: 0x467f0e76, L:/127.0.0.1:9300 - R:/127.0.0.1:50639]], closing connection
java.lang.IllegalStateException: Received message from unsupported version: [2.0.0] minimal compatible version is: [5.0.0]
	at org.elasticsearch.transport.TcpTransport.messageReceived(TcpTransport.java:1323) ~[elasticsearch-5.3.2.jar:5.3.2]
	at org.elasticsearch.transport.netty4.Netty4MessageChannelHandler.channelRead(Netty4MessageChannelHandler.java:74) ~[transport-netty4-5.3.2.jar:5.3.2]
	at io.netty.channel.AbstractChannelHandlerContext.invokeChannelRead(AbstractChannelHandlerContext.java:363) [netty-transport-4.1.7.Final.jar:4.1.7.Final]
	at io.netty.channel.AbstractChannelHandlerContext.invokeChannelRead(AbstractChannelHandlerContext.java:349) [netty-transport-4.1.7.Final.jar:4.1.7.Final]
	at io.netty.channel.AbstractChannelHandlerContext.fireChannelRead(AbstractChannelHandlerContext.java:341) [netty-transport-4.1.7.Final.jar:4.1.7.Final]
	at io.netty.handler.codec.ByteToMessageDecoder.fireChannelRead(ByteToMessageDecoder.java:293) [netty-codec-4.1.7.Final.jar:4.1.7.Final]
	at io.netty.handler.codec.ByteToMessageDecoder.fireChannelRead(ByteToMessageDecoder.java:280) [netty-codec-4.1.7.Final.jar:4.1.7.Final]
	at io.netty.handler.codec.ByteToMessageDecoder.callDecode(ByteToMessageDecoder.java:396) [netty-codec-4.1.7.Final.jar:4.1.7.Final]
	at io.netty.handler.codec.ByteToMessageDecoder.channelRead(ByteToMessageDecoder.java:248) [netty-codec-4.1.7.Final.jar:4.1.7.Final]
	at io.netty.channel.AbstractChannelHandlerContext.invokeChannelRead(AbstractChannelHandlerContext.java:363) [netty-transport-4.1.7.Final.jar:4.1.7.Final]
	at io.netty.channel.AbstractChannelHandlerContext.invokeChannelRead(AbstractChannelHandlerContext.java:349) [netty-transport-4.1.7.Final.jar:4.1.7.Final]
	at io.netty.channel.AbstractChannelHandlerContext.fireChannelRead(AbstractChannelHandlerContext.java:341) [netty-transport-4.1.7.Final.jar:4.1.7.Final]
	at io.netty.channel.ChannelInboundHandlerAdapter.channelRead(ChannelInboundHandlerAdapter.java:86) [netty-transport-4.1.7.Final.jar:4.1.7.Final]
	at io.netty.channel.AbstractChannelHandlerContext.invokeChannelRead(AbstractChannelHandlerContext.java:363) [netty-transport-4.1.7.Final.jar:4.1.7.Final]
	at io.netty.channel.AbstractChannelHandlerContext.invokeChannelRead(AbstractChannelHandlerContext.java:349) [netty-transport-4.1.7.Final.jar:4.1.7.Final]
	at io.netty.channel.AbstractChannelHandlerContext.fireChannelRead(AbstractChannelHandlerContext.java:341) [netty-transport-4.1.7.Final.jar:4.1.7.Final]
	at io.netty.channel.DefaultChannelPipeline$HeadContext.channelRead(DefaultChannelPipeline.java:1334) [netty-transport-4.1.7.Final.jar:4.1.7.Final]
	at io.netty.channel.AbstractChannelHandlerContext.invokeChannelRead(AbstractChannelHandlerContext.java:363) [netty-transport-4.1.7.Final.jar:4.1.7.Final]
	at io.netty.channel.AbstractChannelHandlerContext.invokeChannelRead(AbstractChannelHandlerContext.java:349) [netty-transport-4.1.7.Final.jar:4.1.7.Final]
	at io.netty.channel.DefaultChannelPipeline.fireChannelRead(DefaultChannelPipeline.java:926) [netty-transport-4.1.7.Final.jar:4.1.7.Final]
	at io.netty.channel.nio.AbstractNioByteChannel$NioByteUnsafe.read(AbstractNioByteChannel.java:129) [netty-transport-4.1.7.Final.jar:4.1.7.Final]
	at io.netty.channel.nio.NioEventLoop.processSelectedKey(NioEventLoop.java:642) [netty-transport-4.1.7.Final.jar:4.1.7.Final]
	at io.netty.channel.nio.NioEventLoop.processSelectedKeysPlain(NioEventLoop.java:527) [netty-transport-4.1.7.Final.jar:4.1.7.Final]
	at io.netty.channel.nio.NioEventLoop.processSelectedKeys(NioEventLoop.java:481) [netty-transport-4.1.7.Final.jar:4.1.7.Final]
	at io.netty.channel.nio.NioEventLoop.run(NioEventLoop.java:441) [netty-transport-4.1.7.Final.jar:4.1.7.Final]
	at io.netty.util.concurrent.SingleThreadEventExecutor$5.run(SingleThreadEventExecutor.java:858) [netty-common-4.1.7.Final.jar:4.1.7.Final]
	at java.lang.Thread.run(Unknown Source) [?:1.8.0_74]
[2017-05-03T16:59:12,718][INFO ][o.e.n.Node               ] [graphikart] stopping ...
[2017-05-03T16:59:12,796][INFO ][o.e.n.Node               ] [graphikart] stopped
[2017-05-03T16:59:12,800][INFO ][o.e.n.Node               ] [graphikart] closing ...
[2017-05-03T16:59:12,813][INFO ][o.e.n.Node               ] [graphikart] closed
[2017-05-03T16:59:21,138][INFO ][o.e.n.Node               ] [graphikart] initializing ...
[2017-05-03T16:59:21,294][INFO ][o.e.e.NodeEnvironment    ] [graphikart] using [1] data paths, mounts [[System (C:)]], net usable_space [105.4gb], net total_space [166.5gb], spins? [unknown], types [NTFS]
[2017-05-03T16:59:21,310][INFO ][o.e.e.NodeEnvironment    ] [graphikart] heap size [1.9gb], compressed ordinary object pointers [true]
[2017-05-03T16:59:21,794][INFO ][o.e.n.Node               ] [graphikart] node name [graphikart], node ID [NVYklkcXT8KloSn64Cibpw]
[2017-05-03T16:59:21,794][INFO ][o.e.n.Node               ] [graphikart] version[5.3.2], pid[2160], build[3068195/2017-04-24T16:15:59.481Z], OS[Windows 10/10.0/amd64], JVM[Oracle Corporation/Java HotSpot(TM) 64-Bit Server VM/1.8.0_74/25.74-b02]
[2017-05-03T16:59:23,638][INFO ][o.e.p.PluginsService     ] [graphikart] loaded module [aggs-matrix-stats]
[2017-05-03T16:59:23,638][INFO ][o.e.p.PluginsService     ] [graphikart] loaded module [ingest-common]
[2017-05-03T16:59:23,638][INFO ][o.e.p.PluginsService     ] [graphikart] loaded module [lang-expression]
[2017-05-03T16:59:23,653][INFO ][o.e.p.PluginsService     ] [graphikart] loaded module [lang-groovy]
[2017-05-03T16:59:23,653][INFO ][o.e.p.PluginsService     ] [graphikart] loaded module [lang-mustache]
[2017-05-03T16:59:23,669][INFO ][o.e.p.PluginsService     ] [graphikart] loaded module [lang-painless]
[2017-05-03T16:59:23,669][INFO ][o.e.p.PluginsService     ] [graphikart] loaded module [percolator]
[2017-05-03T16:59:23,669][INFO ][o.e.p.PluginsService     ] [graphikart] loaded module [reindex]
[2017-05-03T16:59:23,685][INFO ][o.e.p.PluginsService     ] [graphikart] loaded module [transport-netty3]
[2017-05-03T16:59:23,685][INFO ][o.e.p.PluginsService     ] [graphikart] loaded module [transport-netty4]
[2017-05-03T16:59:23,685][INFO ][o.e.p.PluginsService     ] [graphikart] no plugins loaded
[2017-05-03T16:59:31,550][INFO ][o.e.n.Node               ] [graphikart] initialized
[2017-05-03T16:59:31,550][INFO ][o.e.n.Node               ] [graphikart] starting ...
[2017-05-03T16:59:32,300][INFO ][o.e.t.TransportService   ] [graphikart] publish_address {127.0.0.1:9300}, bound_addresses {127.0.0.1:9300}, {[::1]:9300}
[2017-05-03T16:59:35,402][INFO ][o.e.c.s.ClusterService   ] [graphikart] new_master {graphikart}{NVYklkcXT8KloSn64Cibpw}{E5SDqjthSEqrxtjaON6UTA}{127.0.0.1}{127.0.0.1:9300}, reason: zen-disco-elected-as-master ([0] nodes joined)
[2017-05-03T16:59:35,797][INFO ][o.e.g.GatewayService     ] [graphikart] recovered [2] indices into cluster_state
[2017-05-03T16:59:36,953][INFO ][o.e.h.n.Netty4HttpServerTransport] [graphikart] publish_address {127.0.0.1:9200}, bound_addresses {127.0.0.1:9200}, {[::1]:9200}
[2017-05-03T16:59:36,969][INFO ][o.e.n.Node               ] [graphikart] started
[2017-05-03T16:59:37,203][INFO ][o.e.c.r.a.AllocationService] [graphikart] Cluster health status changed from [RED] to [YELLOW] (reason: [shards started [[grafikart][1]] ...]).
[2017-05-03T17:05:50,836][INFO ][o.e.n.Node               ] [graphikart] stopping ...
[2017-05-03T17:05:50,914][INFO ][o.e.n.Node               ] [graphikart] stopped
[2017-05-03T17:05:50,914][INFO ][o.e.n.Node               ] [graphikart] closing ...
[2017-05-03T17:05:50,929][INFO ][o.e.n.Node               ] [graphikart] closed
[2017-05-03T17:06:45,836][INFO ][o.e.n.Node               ] [graphikart] initializing ...
[2017-05-03T17:06:45,992][INFO ][o.e.e.NodeEnvironment    ] [graphikart] using [1] data paths, mounts [[System (C:)]], net usable_space [105.4gb], net total_space [166.5gb], spins? [unknown], types [NTFS]
[2017-05-03T17:06:46,008][INFO ][o.e.e.NodeEnvironment    ] [graphikart] heap size [1.9gb], compressed ordinary object pointers [true]
[2017-05-03T17:06:46,477][INFO ][o.e.n.Node               ] [graphikart] node name [graphikart], node ID [NVYklkcXT8KloSn64Cibpw]
[2017-05-03T17:06:46,477][INFO ][o.e.n.Node               ] [graphikart] version[5.3.2], pid[8132], build[3068195/2017-04-24T16:15:59.481Z], OS[Windows 10/10.0/amd64], JVM[Oracle Corporation/Java HotSpot(TM) 64-Bit Server VM/1.8.0_74/25.74-b02]
[2017-05-03T17:06:48,142][INFO ][o.e.p.PluginsService     ] [graphikart] loaded module [aggs-matrix-stats]
[2017-05-03T17:06:48,142][INFO ][o.e.p.PluginsService     ] [graphikart] loaded module [ingest-common]
[2017-05-03T17:06:48,142][INFO ][o.e.p.PluginsService     ] [graphikart] loaded module [lang-expression]
[2017-05-03T17:06:48,142][INFO ][o.e.p.PluginsService     ] [graphikart] loaded module [lang-groovy]
[2017-05-03T17:06:48,142][INFO ][o.e.p.PluginsService     ] [graphikart] loaded module [lang-mustache]
[2017-05-03T17:06:48,158][INFO ][o.e.p.PluginsService     ] [graphikart] loaded module [lang-painless]
[2017-05-03T17:06:48,158][INFO ][o.e.p.PluginsService     ] [graphikart] loaded module [percolator]
[2017-05-03T17:06:48,158][INFO ][o.e.p.PluginsService     ] [graphikart] loaded module [reindex]
[2017-05-03T17:06:48,158][INFO ][o.e.p.PluginsService     ] [graphikart] loaded module [transport-netty3]
[2017-05-03T17:06:48,158][INFO ][o.e.p.PluginsService     ] [graphikart] loaded module [transport-netty4]
[2017-05-03T17:06:48,173][INFO ][o.e.p.PluginsService     ] [graphikart] no plugins loaded
[2017-05-03T17:06:54,553][INFO ][o.e.n.Node               ] [graphikart] initialized
[2017-05-03T17:06:54,553][INFO ][o.e.n.Node               ] [graphikart] starting ...
[2017-05-03T17:06:55,443][INFO ][o.e.t.TransportService   ] [graphikart] publish_address {127.0.0.1:9300}, bound_addresses {127.0.0.1:9300}, {[::1]:9300}
[2017-05-03T17:06:58,544][INFO ][o.e.c.s.ClusterService   ] [graphikart] new_master {graphikart}{NVYklkcXT8KloSn64Cibpw}{3Ei5NuqzSSKSf80dPgqVWw}{127.0.0.1}{127.0.0.1:9300}, reason: zen-disco-elected-as-master ([0] nodes joined)
[2017-05-03T17:06:58,903][INFO ][o.e.g.GatewayService     ] [graphikart] recovered [2] indices into cluster_state
[2017-05-03T17:06:58,903][WARN ][o.e.g.GatewayAllocator$InternalPrimaryShardAllocator] [graphikart] [graphikart][1]: failed to list shard for shard_started on node [NVYklkcXT8KloSn64Cibpw]
org.elasticsearch.action.FailedNodeException: Failed node [NVYklkcXT8KloSn64Cibpw]
	at org.elasticsearch.action.support.nodes.TransportNodesAction$AsyncAction.onFailure(TransportNodesAction.java:246) [elasticsearch-5.3.2.jar:5.3.2]
	at org.elasticsearch.action.support.nodes.TransportNodesAction$AsyncAction.access$200(TransportNodesAction.java:160) [elasticsearch-5.3.2.jar:5.3.2]
	at org.elasticsearch.action.support.nodes.TransportNodesAction$AsyncAction$1.handleException(TransportNodesAction.java:218) [elasticsearch-5.3.2.jar:5.3.2]
	at org.elasticsearch.transport.TransportService$ContextRestoreResponseHandler.handleException(TransportService.java:1032) [elasticsearch-5.3.2.jar:5.3.2]
	at org.elasticsearch.transport.TransportService$DirectResponseChannel.processException(TransportService.java:1134) [elasticsearch-5.3.2.jar:5.3.2]
	at org.elasticsearch.transport.TransportService$DirectResponseChannel.sendResponse(TransportService.java:1112) [elasticsearch-5.3.2.jar:5.3.2]
	at org.elasticsearch.transport.TransportService$7.onFailure(TransportService.java:629) [elasticsearch-5.3.2.jar:5.3.2]
	at org.elasticsearch.common.util.concurrent.ThreadContext$ContextPreservingAbstractRunnable.onFailure(ThreadContext.java:623) [elasticsearch-5.3.2.jar:5.3.2]
	at org.elasticsearch.common.util.concurrent.AbstractRunnable.run(AbstractRunnable.java:39) [elasticsearch-5.3.2.jar:5.3.2]
	at java.util.concurrent.ThreadPoolExecutor.runWorker(Unknown Source) [?:1.8.0_74]
	at java.util.concurrent.ThreadPoolExecutor$Worker.run(Unknown Source) [?:1.8.0_74]
	at java.lang.Thread.run(Unknown Source) [?:1.8.0_74]
Caused by: org.elasticsearch.transport.RemoteTransportException: [graphikart][127.0.0.1:9300][internal:gateway/local/started_shards[n]]
Caused by: org.elasticsearch.ElasticsearchException: failed to load started shards
	at org.elasticsearch.gateway.TransportNodesListGatewayStartedShards.nodeOperation(TransportNodesListGatewayStartedShards.java:171) ~[elasticsearch-5.3.2.jar:5.3.2]
	at org.elasticsearch.gateway.TransportNodesListGatewayStartedShards.nodeOperation(TransportNodesListGatewayStartedShards.java:61) ~[elasticsearch-5.3.2.jar:5.3.2]
	at org.elasticsearch.action.support.nodes.TransportNodesAction.nodeOperation(TransportNodesAction.java:145) ~[elasticsearch-5.3.2.jar:5.3.2]
	at org.elasticsearch.action.support.nodes.TransportNodesAction$NodeTransportHandler.messageReceived(TransportNodesAction.java:269) ~[elasticsearch-5.3.2.jar:5.3.2]
	at org.elasticsearch.action.support.nodes.TransportNodesAction$NodeTransportHandler.messageReceived(TransportNodesAction.java:265) ~[elasticsearch-5.3.2.jar:5.3.2]
	at org.elasticsearch.transport.RequestHandlerRegistry.processMessageReceived(RequestHandlerRegistry.java:69) ~[elasticsearch-5.3.2.jar:5.3.2]
	at org.elasticsearch.transport.TransportService$7.doRun(TransportService.java:618) ~[elasticsearch-5.3.2.jar:5.3.2]
	at org.elasticsearch.common.util.concurrent.ThreadContext$ContextPreservingAbstractRunnable.doRun(ThreadContext.java:638) ~[elasticsearch-5.3.2.jar:5.3.2]
	at org.elasticsearch.common.util.concurrent.AbstractRunnable.run(AbstractRunnable.java:37) ~[elasticsearch-5.3.2.jar:5.3.2]
	... 3 more
Caused by: org.elasticsearch.ElasticsearchException: java.io.IOException: failed to read [id:26, legacy:false, file:C:\Users\ahamoudm\elasticsearch-5.3.2\data\nodes\0\indices\zFpN4bJPQjWTd0qpeqJO8g\_state\state-26.st]
	at org.elasticsearch.ExceptionsHelper.maybeThrowRuntimeAndSuppress(ExceptionsHelper.java:150) ~[elasticsearch-5.3.2.jar:5.3.2]
	at org.elasticsearch.gateway.MetaDataStateFormat.loadLatestState(MetaDataStateFormat.java:334) ~[elasticsearch-5.3.2.jar:5.3.2]
	at org.elasticsearch.gateway.TransportNodesListGatewayStartedShards.nodeOperation(TransportNodesListGatewayStartedShards.java:127) ~[elasticsearch-5.3.2.jar:5.3.2]
	at org.elasticsearch.gateway.TransportNodesListGatewayStartedShards.nodeOperation(TransportNodesListGatewayStartedShards.java:61) ~[elasticsearch-5.3.2.jar:5.3.2]
	at org.elasticsearch.action.support.nodes.TransportNodesAction.nodeOperation(TransportNodesAction.java:145) ~[elasticsearch-5.3.2.jar:5.3.2]
	at org.elasticsearch.action.support.nodes.TransportNodesAction$NodeTransportHandler.messageReceived(TransportNodesAction.java:269) ~[elasticsearch-5.3.2.jar:5.3.2]
	at org.elasticsearch.action.support.nodes.TransportNodesAction$NodeTransportHandler.messageReceived(TransportNodesAction.java:265) ~[elasticsearch-5.3.2.jar:5.3.2]
	at org.elasticsearch.transport.RequestHandlerRegistry.processMessageReceived(RequestHandlerRegistry.java:69) ~[elasticsearch-5.3.2.jar:5.3.2]
	at org.elasticsearch.transport.TransportService$7.doRun(TransportService.java:618) ~[elasticsearch-5.3.2.jar:5.3.2]
	at org.elasticsearch.common.util.concurrent.ThreadContext$ContextPreservingAbstractRunnable.doRun(ThreadContext.java:638) ~[elasticsearch-5.3.2.jar:5.3.2]
	at org.elasticsearch.common.util.concurrent.AbstractRunnable.run(AbstractRunnable.java:37) ~[elasticsearch-5.3.2.jar:5.3.2]
	... 3 more
Caused by: java.io.IOException: failed to read [id:26, legacy:false, file:C:\Users\ahamoudm\elasticsearch-5.3.2\data\nodes\0\indices\zFpN4bJPQjWTd0qpeqJO8g\_state\state-26.st]
	at org.elasticsearch.gateway.MetaDataStateFormat.loadLatestState(MetaDataStateFormat.java:327) ~[elasticsearch-5.3.2.jar:5.3.2]
	at org.elasticsearch.gateway.TransportNodesListGatewayStartedShards.nodeOperation(TransportNodesListGatewayStartedShards.java:127) ~[elasticsearch-5.3.2.jar:5.3.2]
	at org.elasticsearch.gateway.TransportNodesListGatewayStartedShards.nodeOperation(TransportNodesListGatewayStartedShards.java:61) ~[elasticsearch-5.3.2.jar:5.3.2]
	at org.elasticsearch.action.support.nodes.TransportNodesAction.nodeOperation(TransportNodesAction.java:145) ~[elasticsearch-5.3.2.jar:5.3.2]
	at org.elasticsearch.action.support.nodes.TransportNodesAction$NodeTransportHandler.messageReceived(TransportNodesAction.java:269) ~[elasticsearch-5.3.2.jar:5.3.2]
	at org.elasticsearch.action.support.nodes.TransportNodesAction$NodeTransportHandler.messageReceived(TransportNodesAction.java:265) ~[elasticsearch-5.3.2.jar:5.3.2]
	at org.elasticsearch.transport.RequestHandlerRegistry.processMessageReceived(RequestHandlerRegistry.java:69) ~[elasticsearch-5.3.2.jar:5.3.2]
	at org.elasticsearch.transport.TransportService$7.doRun(TransportService.java:618) ~[elasticsearch-5.3.2.jar:5.3.2]
	at org.elasticsearch.common.util.concurrent.ThreadContext$ContextPreservingAbstractRunnable.doRun(ThreadContext.java:638) ~[elasticsearch-5.3.2.jar:5.3.2]
	at org.elasticsearch.common.util.concurrent.AbstractRunnable.run(AbstractRunnable.java:37) ~[elasticsearch-5.3.2.jar:5.3.2]
	... 3 more
Caused by: java.nio.file.NoSuchFileException: C:\Users\ahamoudm\elasticsearch-5.3.2\data\nodes\0\indices\zFpN4bJPQjWTd0qpeqJO8g\_state\state-26.st
	at sun.nio.fs.WindowsException.translateToIOException(Unknown Source) ~[?:?]
	at sun.nio.fs.WindowsException.rethrowAsIOException(Unknown Source) ~[?:?]
	at sun.nio.fs.WindowsException.rethrowAsIOException(Unknown Source) ~[?:?]
	at sun.nio.fs.WindowsFileSystemProvider.newByteChannel(Unknown Source) ~[?:?]
	at java.nio.file.Files.newByteChannel(Unknown Source) ~[?:1.8.0_74]
	at java.nio.file.Files.newByteChannel(Unknown Source) ~[?:1.8.0_74]
	at org.apache.lucene.store.SimpleFSDirectory.openInput(SimpleFSDirectory.java:77) ~[lucene-core-6.4.2.jar:6.4.2 34a975ca3d4bd7fa121340e5bcbf165929e0542f - ishan - 2017-03-01 23:23:13]
	at org.elasticsearch.gateway.MetaDataStateFormat.read(MetaDataStateFormat.java:187) ~[elasticsearch-5.3.2.jar:5.3.2]
	at org.elasticsearch.gateway.MetaDataStateFormat.loadLatestState(MetaDataStateFormat.java:322) ~[elasticsearch-5.3.2.jar:5.3.2]
	at org.elasticsearch.gateway.TransportNodesListGatewayStartedShards.nodeOperation(TransportNodesListGatewayStartedShards.java:127) ~[elasticsearch-5.3.2.jar:5.3.2]
	at org.elasticsearch.gateway.TransportNodesListGatewayStartedShards.nodeOperation(TransportNodesListGatewayStartedShards.java:61) ~[elasticsearch-5.3.2.jar:5.3.2]
	at org.elasticsearch.action.support.nodes.TransportNodesAction.nodeOperation(TransportNodesAction.java:145) ~[elasticsearch-5.3.2.jar:5.3.2]
	at org.elasticsearch.action.support.nodes.TransportNodesAction$NodeTransportHandler.messageReceived(TransportNodesAction.java:269) ~[elasticsearch-5.3.2.jar:5.3.2]
	at org.elasticsearch.action.support.nodes.TransportNodesAction$NodeTransportHandler.messageReceived(TransportNodesAction.java:265) ~[elasticsearch-5.3.2.jar:5.3.2]
	at org.elasticsearch.transport.RequestHandlerRegistry.processMessageReceived(RequestHandlerRegistry.java:69) ~[elasticsearch-5.3.2.jar:5.3.2]
	at org.elasticsearch.transport.TransportService$7.doRun(TransportService.java:618) ~[elasticsearch-5.3.2.jar:5.3.2]
	at org.elasticsearch.common.util.concurrent.ThreadContext$ContextPreservingAbstractRunnable.doRun(ThreadContext.java:638) ~[elasticsearch-5.3.2.jar:5.3.2]
	at org.elasticsearch.common.util.concurrent.AbstractRunnable.run(AbstractRunnable.java:37) ~[elasticsearch-5.3.2.jar:5.3.2]
	... 3 more
[2017-05-03T17:06:59,678][INFO ][o.e.h.n.Netty4HttpServerTransport] [graphikart] publish_address {127.0.0.1:9200}, bound_addresses {127.0.0.1:9200}, {[::1]:9200}
[2017-05-03T17:06:59,694][INFO ][o.e.n.Node               ] [graphikart] started
[2017-05-03T17:07:00,534][INFO ][o.e.c.r.a.AllocationService] [graphikart] Cluster health status changed from [RED] to [YELLOW] (reason: [shards started [[grafikart][1], [grafikart][3]] ...]).
[2017-05-03T18:18:02,034][WARN ][o.e.t.n.Netty4Transport  ] [graphikart] exception caught on transport layer [[id: 0x79915555, L:/127.0.0.1:9300 - R:/127.0.0.1:51568]], closing connection
java.lang.IllegalStateException: Received message from unsupported version: [2.0.0] minimal compatible version is: [5.0.0]
	at org.elasticsearch.transport.TcpTransport.messageReceived(TcpTransport.java:1323) ~[elasticsearch-5.3.2.jar:5.3.2]
	at org.elasticsearch.transport.netty4.Netty4MessageChannelHandler.channelRead(Netty4MessageChannelHandler.java:74) ~[transport-netty4-5.3.2.jar:5.3.2]
	at io.netty.channel.AbstractChannelHandlerContext.invokeChannelRead(AbstractChannelHandlerContext.java:363) [netty-transport-4.1.7.Final.jar:4.1.7.Final]
	at io.netty.channel.AbstractChannelHandlerContext.invokeChannelRead(AbstractChannelHandlerContext.java:349) [netty-transport-4.1.7.Final.jar:4.1.7.Final]
	at io.netty.channel.AbstractChannelHandlerContext.fireChannelRead(AbstractChannelHandlerContext.java:341) [netty-transport-4.1.7.Final.jar:4.1.7.Final]
	at io.netty.handler.codec.ByteToMessageDecoder.fireChannelRead(ByteToMessageDecoder.java:293) [netty-codec-4.1.7.Final.jar:4.1.7.Final]
	at io.netty.handler.codec.ByteToMessageDecoder.fireChannelRead(ByteToMessageDecoder.java:280) [netty-codec-4.1.7.Final.jar:4.1.7.Final]
	at io.netty.handler.codec.ByteToMessageDecoder.callDecode(ByteToMessageDecoder.java:396) [netty-codec-4.1.7.Final.jar:4.1.7.Final]
	at io.netty.handler.codec.ByteToMessageDecoder.channelRead(ByteToMessageDecoder.java:248) [netty-codec-4.1.7.Final.jar:4.1.7.Final]
	at io.netty.channel.AbstractChannelHandlerContext.invokeChannelRead(AbstractChannelHandlerContext.java:363) [netty-transport-4.1.7.Final.jar:4.1.7.Final]
	at io.netty.channel.AbstractChannelHandlerContext.invokeChannelRead(AbstractChannelHandlerContext.java:349) [netty-transport-4.1.7.Final.jar:4.1.7.Final]
	at io.netty.channel.AbstractChannelHandlerContext.fireChannelRead(AbstractChannelHandlerContext.java:341) [netty-transport-4.1.7.Final.jar:4.1.7.Final]
	at io.netty.channel.ChannelInboundHandlerAdapter.channelRead(ChannelInboundHandlerAdapter.java:86) [netty-transport-4.1.7.Final.jar:4.1.7.Final]
	at io.netty.channel.AbstractChannelHandlerContext.invokeChannelRead(AbstractChannelHandlerContext.java:363) [netty-transport-4.1.7.Final.jar:4.1.7.Final]
	at io.netty.channel.AbstractChannelHandlerContext.invokeChannelRead(AbstractChannelHandlerContext.java:349) [netty-transport-4.1.7.Final.jar:4.1.7.Final]
	at io.netty.channel.AbstractChannelHandlerContext.fireChannelRead(AbstractChannelHandlerContext.java:341) [netty-transport-4.1.7.Final.jar:4.1.7.Final]
	at io.netty.channel.DefaultChannelPipeline$HeadContext.channelRead(DefaultChannelPipeline.java:1334) [netty-transport-4.1.7.Final.jar:4.1.7.Final]
	at io.netty.channel.AbstractChannelHandlerContext.invokeChannelRead(AbstractChannelHandlerContext.java:363) [netty-transport-4.1.7.Final.jar:4.1.7.Final]
	at io.netty.channel.AbstractChannelHandlerContext.invokeChannelRead(AbstractChannelHandlerContext.java:349) [netty-transport-4.1.7.Final.jar:4.1.7.Final]
	at io.netty.channel.DefaultChannelPipeline.fireChannelRead(DefaultChannelPipeline.java:926) [netty-transport-4.1.7.Final.jar:4.1.7.Final]
	at io.netty.channel.nio.AbstractNioByteChannel$NioByteUnsafe.read(AbstractNioByteChannel.java:129) [netty-transport-4.1.7.Final.jar:4.1.7.Final]
	at io.netty.channel.nio.NioEventLoop.processSelectedKey(NioEventLoop.java:642) [netty-transport-4.1.7.Final.jar:4.1.7.Final]
	at io.netty.channel.nio.NioEventLoop.processSelectedKeysPlain(NioEventLoop.java:527) [netty-transport-4.1.7.Final.jar:4.1.7.Final]
	at io.netty.channel.nio.NioEventLoop.processSelectedKeys(NioEventLoop.java:481) [netty-transport-4.1.7.Final.jar:4.1.7.Final]
	at io.netty.channel.nio.NioEventLoop.run(NioEventLoop.java:441) [netty-transport-4.1.7.Final.jar:4.1.7.Final]
	at io.netty.util.concurrent.SingleThreadEventExecutor$5.run(SingleThreadEventExecutor.java:858) [netty-common-4.1.7.Final.jar:4.1.7.Final]
	at java.lang.Thread.run(Unknown Source) [?:1.8.0_74]
